[ 2015-08-19T09:23:07+08:00 ] 127.0.0.1 /Admin/index.php/
INFO: [ app_init ] --START--
INFO: Run Behavior\BuildLiteBehavior [ RunTime:0.000030s ]
INFO: [ app_init ] --END-- [ RunTime:0.002130s ]
INFO: [ app_begin ] --START--
INFO: Run Behavior\ReadHtmlCacheBehavior [ RunTime:0.001391s ]
INFO: [ app_begin ] --END-- [ RunTime:0.001557s ]
INFO: [ view_parse ] --START--
INFO: Run Behavior\ParseTemplateBehavior [ RunTime:0.001592s ]
INFO: [ view_parse ] --END-- [ RunTime:0.001749s ]
INFO: [ view_filter ] --START--
INFO: Run Behavior\WriteHtmlCacheBehavior [ RunTime:0.001757s ]
INFO: [ view_filter ] --END-- [ RunTime:0.001903s ]
INFO: [ app_end ] --START--
INFO: Run Behavior\ShowPageTraceBehavior [ RunTime:0.001340s ]
INFO: [ app_end ] --END-- [ RunTime:0.001472s ]

[ 2015-08-19T09:23:11+08:00 ] 127.0.0.1 /Admin/index.php/Admin/
INFO: [ app_init ] --START--
INFO: Run Behavior\BuildLiteBehavior [ RunTime:0.000031s ]
INFO: [ app_init ] --END-- [ RunTime:0.000710s ]

[ 2015-08-19T09:23:23+08:00 ] 127.0.0.1 /Admin/index.php/Admin/Article
INFO: [ app_init ] --START--
INFO: Run Behavior\BuildLiteBehavior [ RunTime:0.000029s ]
INFO: [ app_init ] --END-- [ RunTime:0.000768s ]

[ 2015-08-19T09:23:31+08:00 ] 127.0.0.1 /Admin/index.php/Admin/Article
INFO: [ app_init ] --START--
INFO: Run Behavior\BuildLiteBehavior [ RunTime:0.000031s ]
INFO: [ app_init ] --END-- [ RunTime:0.000668s ]

[ 2015-08-19T09:23:38+08:00 ] 127.0.0.1 /Admin/index.php/Admin/Article/add
INFO: [ app_init ] --START--
INFO: Run Behavior\BuildLiteBehavior [ RunTime:0.000032s ]
INFO: [ app_init ] --END-- [ RunTime:0.000826s ]

[ 2015-08-19T09:26:40+08:00 ] 127.0.0.1 /Admin/index.php/Admin/Article/add
INFO: [ app_init ] --START--
INFO: Run Behavior\BuildLiteBehavior [ RunTime:0.000039s ]
INFO: [ app_init ] --END-- [ RunTime:0.000986s ]

[ 2015-08-19T09:26:43+08:00 ] 127.0.0.1 /Admin/index.php/Admin/Article/add
INFO: [ app_init ] --START--
INFO: Run Behavior\BuildLiteBehavior [ RunTime:0.000029s ]
INFO: [ app_init ] --END-- [ RunTime:0.000737s ]

[ 2015-08-19T10:11:35+08:00 ] 127.0.0.1 /Admin/index.php/Admin/Picture
INFO: [ app_init ] --START--
INFO: Run Behavior\BuildLiteBehavior [ RunTime:0.000031s ]
INFO: [ app_init ] --END-- [ RunTime:0.000816s ]

[ 2015-08-19T10:12:00+08:00 ] 127.0.0.1 /Admin/index.php/Admin/Picture
INFO: [ app_init ] --START--
INFO: Run Behavior\BuildLiteBehavior [ RunTime:0.000030s ]
INFO: [ app_init ] --END-- [ RunTime:0.000845s ]

[ 2015-08-19T10:12:17+08:00 ] 127.0.0.1 /Admin/index.php/Admin/Picture
INFO: [ app_init ] --START--
INFO: Run Behavior\BuildLiteBehavior [ RunTime:0.000029s ]
INFO: [ app_init ] --END-- [ RunTime:0.000738s ]

[ 2015-08-19T10:12:29+08:00 ] 127.0.0.1 /Admin/index.php/Admin/Picture
INFO: [ app_init ] --START--
INFO: Run Behavior\BuildLiteBehavior [ RunTime:0.000028s ]
INFO: [ app_init ] --END-- [ RunTime:0.000765s ]

[ 2015-08-19T10:13:48+08:00 ] 127.0.0.1 /Admin/index.php/Admin/Picture
INFO: [ app_init ] --START--
INFO: Run Behavior\BuildLiteBehavior [ RunTime:0.000029s ]
INFO: [ app_init ] --END-- [ RunTime:0.000760s ]

[ 2015-08-19T10:14:31+08:00 ] 127.0.0.1 /Admin/index.php/Admin/Picture
INFO: [ app_init ] --START--
INFO: Run Behavior\BuildLiteBehavior [ RunTime:0.000030s ]
INFO: [ app_init ] --END-- [ RunTime:0.000740s ]

[ 2015-08-19T10:16:20+08:00 ] 127.0.0.1 /Admin/index.php/Admin/Picture
INFO: [ app_init ] --START--
INFO: Run Behavior\BuildLiteBehavior [ RunTime:0.000028s ]
INFO: [ app_init ] --END-- [ RunTime:0.000725s ]

[ 2015-08-19T10:21:34+08:00 ] 127.0.0.1 /Admin/index.php/Admin/Picture
INFO: [ app_init ] --START--
INFO: Run Behavior\BuildLiteBehavior [ RunTime:0.000030s ]
INFO: [ app_init ] --END-- [ RunTime:0.000787s ]

[ 2015-08-19T10:22:09+08:00 ] 127.0.0.1 /Admin/index.php/Admin/Picture
INFO: [ app_init ] --START--
INFO: Run Behavior\BuildLiteBehavior [ RunTime:0.000030s ]
INFO: [ app_init ] --END-- [ RunTime:0.000974s ]

[ 2015-08-19T10:22:28+08:00 ] 127.0.0.1 /Admin/index.php/Admin/Picture
INFO: [ app_init ] --START--
INFO: Run Behavior\BuildLiteBehavior [ RunTime:0.000030s ]
INFO: [ app_init ] --END-- [ RunTime:0.000773s ]

[ 2015-08-19T10:23:15+08:00 ] 127.0.0.1 /Admin/index.php/Admin/Picture
INFO: [ app_init ] --START--
INFO: Run Behavior\BuildLiteBehavior [ RunTime:0.000030s ]
INFO: [ app_init ] --END-- [ RunTime:0.001173s ]

[ 2015-08-19T10:23:24+08:00 ] 127.0.0.1 /Admin/index.php/Admin/Picture
INFO: [ app_init ] --START--
INFO: Run Behavior\BuildLiteBehavior [ RunTime:0.000032s ]
INFO: [ app_init ] --END-- [ RunTime:0.000794s ]

[ 2015-08-19T10:24:14+08:00 ] 127.0.0.1 /Admin/index.php/Admin/Picture
INFO: [ app_init ] --START--
INFO: Run Behavior\BuildLiteBehavior [ RunTime:0.000029s ]
INFO: [ app_init ] --END-- [ RunTime:0.000637s ]

[ 2015-08-19T10:29:02+08:00 ] 127.0.0.1 /Admin/index.php/Admin/Picture
INFO: [ app_init ] --START--
INFO: Run Behavior\BuildLiteBehavior [ RunTime:0.000029s ]
INFO: [ app_init ] --END-- [ RunTime:0.000717s ]

[ 2015-08-19T10:30:00+08:00 ] 127.0.0.1 /Admin/index.php/Admin/Picture
INFO: [ app_init ] --START--
INFO: Run Behavior\BuildLiteBehavior [ RunTime:0.000039s ]
INFO: [ app_init ] --END-- [ RunTime:0.001002s ]

[ 2015-08-19T10:30:17+08:00 ] 127.0.0.1 /Admin/index.php/Admin/Picture
INFO: [ app_init ] --START--
INFO: Run Behavior\BuildLiteBehavior [ RunTime:0.000066s ]
INFO: [ app_init ] --END-- [ RunTime:0.000642s ]

[ 2015-08-19T10:31:04+08:00 ] 127.0.0.1 /Admin/index.php/Admin/Picture?describe=
INFO: [ app_init ] --START--
INFO: Run Behavior\BuildLiteBehavior [ RunTime:0.000038s ]
INFO: [ app_init ] --END-- [ RunTime:0.000857s ]

[ 2015-08-19T13:06:41+08:00 ] 127.0.0.1 /Admin/index.php/Admin/Picture?describe=
INFO: [ app_init ] --START--
INFO: Run Behavior\BuildLiteBehavior [ RunTime:0.000029s ]
INFO: [ app_init ] --END-- [ RunTime:0.000646s ]

[ 2015-08-19T13:07:00+08:00 ] 127.0.0.1 /Admin/index.php/Admin/Picture?describe=
INFO: [ app_init ] --START--
INFO: Run Behavior\BuildLiteBehavior [ RunTime:0.000028s ]
INFO: [ app_init ] --END-- [ RunTime:0.000530s ]

[ 2015-08-19T13:07:12+08:00 ] 127.0.0.1 /Admin/index.php/Admin/Picture?describe=
INFO: [ app_init ] --START--
INFO: Run Behavior\BuildLiteBehavior [ RunTime:0.000029s ]
INFO: [ app_init ] --END-- [ RunTime:0.000644s ]

[ 2015-08-19T13:07:34+08:00 ] 127.0.0.1 /Admin/index.php/Admin/Picture?describe=
INFO: [ app_init ] --START--
INFO: Run Behavior\BuildLiteBehavior [ RunTime:0.000030s ]
INFO: [ app_init ] --END-- [ RunTime:0.000724s ]

[ 2015-08-19T13:08:01+08:00 ] 127.0.0.1 /Admin/index.php/Admin/Picture?describe=
INFO: [ app_init ] --START--
INFO: Run Behavior\BuildLiteBehavior [ RunTime:0.000031s ]
INFO: [ app_init ] --END-- [ RunTime:0.000658s ]

[ 2015-08-19T13:08:13+08:00 ] 127.0.0.1 /Admin/index.php/Admin/Picture?describe=
INFO: [ app_init ] --START--
INFO: Run Behavior\BuildLiteBehavior [ RunTime:0.000030s ]
INFO: [ app_init ] --END-- [ RunTime:0.000543s ]

[ 2015-08-19T13:08:21+08:00 ] 127.0.0.1 /Admin/index.php/Admin/Picture?describe=
INFO: [ app_init ] --START--
INFO: Run Behavior\BuildLiteBehavior [ RunTime:0.000029s ]
INFO: [ app_init ] --END-- [ RunTime:0.000521s ]

[ 2015-08-19T13:08:29+08:00 ] 127.0.0.1 /Admin/index.php/Admin/Picture?describe=
INFO: [ app_init ] --START--
INFO: Run Behavior\BuildLiteBehavior [ RunTime:0.000029s ]
INFO: [ app_init ] --END-- [ RunTime:0.000532s ]

[ 2015-08-19T13:51:10+08:00 ] 127.0.0.1 /Admin/index.php/Admin/Picture?describe=
INFO: [ app_init ] --START--
INFO: Run Behavior\BuildLiteBehavior [ RunTime:0.000042s ]
INFO: [ app_init ] --END-- [ RunTime:0.001013s ]

[ 2015-08-19T13:52:12+08:00 ] 127.0.0.1 /Admin/index.php/Admin/Picture?describe=
INFO: [ app_init ] --START--
INFO: Run Behavior\BuildLiteBehavior [ RunTime:0.000044s ]
INFO: [ app_init ] --END-- [ RunTime:0.000941s ]

[ 2015-08-19T13:52:25+08:00 ] 127.0.0.1 /Admin/index.php/Admin/Picture?describe=
INFO: [ app_init ] --START--
INFO: Run Behavior\BuildLiteBehavior [ RunTime:0.000033s ]
INFO: [ app_init ] --END-- [ RunTime:0.001002s ]

[ 2015-08-19T14:48:59+08:00 ] 127.0.0.1 /Admin/index.php/Admin/Picture?describe=
INFO: [ app_init ] --START--
INFO: Run Behavior\BuildLiteBehavior [ RunTime:0.000028s ]
INFO: [ app_init ] --END-- [ RunTime:0.000651s ]

[ 2015-08-19T14:49:08+08:00 ] 127.0.0.1 /Admin/index.php/Admin/Picture?describe=
INFO: [ app_init ] --START--
INFO: Run Behavior\BuildLiteBehavior [ RunTime:0.000030s ]
INFO: [ app_init ] --END-- [ RunTime:0.000623s ]

[ 2015-08-19T14:57:45+08:00 ] 127.0.0.1 /Admin/index.php/Admin/Picture?describe=
INFO: [ app_init ] --START--
INFO: Run Behavior\BuildLiteBehavior [ RunTime:0.000030s ]
INFO: [ app_init ] --END-- [ RunTime:0.000640s ]

[ 2015-08-19T15:37:22+08:00 ] 127.0.0.1 /Admin/index.php/Admin/Setting
INFO: [ app_init ] --START--
INFO: Run Behavior\BuildLiteBehavior [ RunTime:0.000030s ]
INFO: [ app_init ] --END-- [ RunTime:0.000700s ]
ERR: 非法操作:index

[ 2015-08-19T15:37:34+08:00 ] 127.0.0.1 /Admin/index.php/Admin/Setting/user
INFO: [ app_init ] --START--
INFO: Run Behavior\BuildLiteBehavior [ RunTime:0.000030s ]
INFO: [ app_init ] --END-- [ RunTime:0.000541s ]

[ 2015-08-19T15:39:21+08:00 ] 127.0.0.1 /Admin/index.php/Admin/Setting/user
INFO: [ app_init ] --START--
INFO: Run Behavior\BuildLiteBehavior [ RunTime:0.000030s ]
INFO: [ app_init ] --END-- [ RunTime:0.000634s ]

[ 2015-08-19T15:39:23+08:00 ] 127.0.0.1 /Admin/index.php/Admin/Setting/user
INFO: [ app_init ] --START--
INFO: Run Behavior\BuildLiteBehavior [ RunTime:0.000028s ]
INFO: [ app_init ] --END-- [ RunTime:0.000629s ]

[ 2015-08-19T15:43:04+08:00 ] 127.0.0.1 /Admin/index.php/Admin/Setting/user
INFO: [ app_init ] --START--
INFO: Run Behavior\BuildLiteBehavior [ RunTime:0.000064s ]
INFO: [ app_init ] --END-- [ RunTime:0.000924s ]

[ 2015-08-19T15:45:08+08:00 ] 127.0.0.1 /Admin/index.php/Admin/Setting/user
INFO: [ app_init ] --START--
INFO: Run Behavior\BuildLiteBehavior [ RunTime:0.000043s ]
INFO: [ app_init ] --END-- [ RunTime:0.000673s ]

[ 2015-08-19T15:45:53+08:00 ] 127.0.0.1 /Admin/index.php/Admin/Setting/user
INFO: [ app_init ] --START--
INFO: Run Behavior\BuildLiteBehavior [ RunTime:0.000035s ]
INFO: [ app_init ] --END-- [ RunTime:0.001049s ]

[ 2015-08-19T15:46:13+08:00 ] 127.0.0.1 /Admin/index.php/Admin/Article
INFO: [ app_init ] --START--
INFO: Run Behavior\BuildLiteBehavior [ RunTime:0.000029s ]
INFO: [ app_init ] --END-- [ RunTime:0.000558s ]

[ 2015-08-19T15:46:21+08:00 ] 127.0.0.1 /Admin/index.php/Admin/Article/add
INFO: [ app_init ] --START--
INFO: Run Behavior\BuildLiteBehavior [ RunTime:0.000029s ]
INFO: [ app_init ] --END-- [ RunTime:0.000550s ]

[ 2015-08-19T15:47:35+08:00 ] 127.0.0.1 /Admin/index.php/Admin/Setting/
INFO: [ app_init ] --START--
INFO: Run Behavior\BuildLiteBehavior [ RunTime:0.000030s ]
INFO: [ app_init ] --END-- [ RunTime:0.000547s ]
ERR: 非法操作:index

[ 2015-08-19T15:47:39+08:00 ] 127.0.0.1 /Admin/index.php/Admin/Setting/user
INFO: [ app_init ] --START--
INFO: Run Behavior\BuildLiteBehavior [ RunTime:0.000030s ]
INFO: [ app_init ] --END-- [ RunTime:0.000944s ]

[ 2015-08-19T15:48:08+08:00 ] 127.0.0.1 /Admin/index.php/Admin/Setting/user
INFO: [ app_init ] --START--
INFO: Run Behavior\BuildLiteBehavior [ RunTime:0.000185s ]
INFO: [ app_init ] --END-- [ RunTime:0.000780s ]

[ 2015-08-19T15:48:25+08:00 ] 127.0.0.1 /Admin/index.php/Admin/Setting/user
INFO: [ app_init ] --START--
INFO: Run Behavior\BuildLiteBehavior [ RunTime:0.000029s ]
INFO: [ app_init ] --END-- [ RunTime:0.000573s ]

[ 2015-08-19T15:51:07+08:00 ] 127.0.0.1 /Admin/index.php/Admin/Setting/user
INFO: [ app_init ] --START--
INFO: Run Behavior\BuildLiteBehavior [ RunTime:0.000030s ]
INFO: [ app_init ] --END-- [ RunTime:0.000676s ]

[ 2015-08-19T15:53:32+08:00 ] 127.0.0.1 /Admin/index.php/Admin/Setting/user
INFO: [ app_init ] --START--
INFO: Run Behavior\BuildLiteBehavior [ RunTime:0.000035s ]
INFO: [ app_init ] --END-- [ RunTime:0.000892s ]

[ 2015-08-19T15:53:49+08:00 ] 127.0.0.1 /Admin/index.php/Admin/Setting/user?name=&password=&role=0&password=
INFO: [ app_init ] --START--
INFO: Run Behavior\BuildLiteBehavior [ RunTime:0.000029s ]
INFO: [ app_init ] --END-- [ RunTime:0.000543s ]

[ 2015-08-19T16:00:19+08:00 ] 127.0.0.1 /Admin/index.php/Admin/Setting/column
INFO: [ app_init ] --START--
INFO: Run Behavior\BuildLiteBehavior [ RunTime:0.000031s ]
INFO: [ app_init ] --END-- [ RunTime:0.000628s ]

[ 2015-08-19T16:00:53+08:00 ] 127.0.0.1 /Admin/index.php/Admin/Setting/column
INFO: [ app_init ] --START--
INFO: Run Behavior\BuildLiteBehavior [ RunTime:0.000074s ]
INFO: [ app_init ] --END-- [ RunTime:0.000906s ]

[ 2015-08-19T16:05:54+08:00 ] 127.0.0.1 /Admin/index.php/Admin/Setting/column
INFO: [ app_init ] --START--
INFO: Run Behavior\BuildLiteBehavior [ RunTime:0.000029s ]
INFO: [ app_init ] --END-- [ RunTime:0.000632s ]

[ 2015-08-19T16:06:05+08:00 ] 127.0.0.1 /Admin/index.php/Admin/Setting/column
INFO: [ app_init ] --START--
INFO: Run Behavior\BuildLiteBehavior [ RunTime:0.000029s ]
INFO: [ app_init ] --END-- [ RunTime:0.000628s ]

[ 2015-08-19T16:08:39+08:00 ] 127.0.0.1 /Admin/index.php/Admin/Setting/column
INFO: [ app_init ] --START--
INFO: Run Behavior\BuildLiteBehavior [ RunTime:0.000030s ]
INFO: [ app_init ] --END-- [ RunTime:0.000632s ]

[ 2015-08-19T16:09:45+08:00 ] 127.0.0.1 /Admin/index.php/Admin/Setting/column
INFO: [ app_init ] --START--
INFO: Run Behavior\BuildLiteBehavior [ RunTime:0.000030s ]
INFO: [ app_init ] --END-- [ RunTime:0.000580s ]

[ 2015-08-19T16:12:50+08:00 ] 127.0.0.1 /Admin/index.php/Admin/Setting/infoChange
INFO: [ app_init ] --START--
INFO: Run Behavior\BuildLiteBehavior [ RunTime:0.000038s ]
INFO: [ app_init ] --END-- [ RunTime:0.000845s ]

[ 2015-08-19T16:19:30+08:00 ] 127.0.0.1 /Admin/index.php/Admin/Setting/infoChange
INFO: [ app_init ] --START--
INFO: Run Behavior\BuildLiteBehavior [ RunTime:0.000029s ]
INFO: [ app_init ] --END-- [ RunTime:0.000665s ]

