[ 2015-12-05T16:07:43+08:00 ] 127.0.0.1 /Admin/index.php/Admin/Article
INFO: [ app_init ] --START--
INFO: Run Behavior\BuildLiteBehavior [ RunTime:0.000086s ]
INFO: [ app_init ] --END-- [ RunTime:0.026033s ]

[ 2015-12-05T16:07:55+08:00 ] 127.0.0.1 /Admin/index.php/Admin/Article
INFO: [ app_init ] --START--
INFO: Run Behavior\BuildLiteBehavior [ RunTime:0.000068s ]
INFO: [ app_init ] --END-- [ RunTime:0.001194s ]

[ 2015-12-05T16:08:13+08:00 ] 127.0.0.1 /Admin/index.php/Admin/index
INFO: [ app_init ] --START--
INFO: Run Behavior\BuildLiteBehavior [ RunTime:0.000041s ]
INFO: [ app_init ] --END-- [ RunTime:0.000962s ]

[ 2015-12-05T16:08:34+08:00 ] 127.0.0.1 /Admin/index.php/Admin/Login
INFO: [ app_init ] --START--
INFO: Run Behavior\BuildLiteBehavior [ RunTime:0.000041s ]
INFO: [ app_init ] --END-- [ RunTime:0.000903s ]

[ 2015-12-05T16:08:47+08:00 ] 127.0.0.1 /Admin/index.php/Admin/public
INFO: [ app_init ] --START--
INFO: Run Behavior\BuildLiteBehavior [ RunTime:0.000034s ]
INFO: [ app_init ] --END-- [ RunTime:0.000817s ]
ERR: 无法加载控制器:Public

[ 2015-12-05T16:09:01+08:00 ] 127.0.0.1 /Admin/index.php/Admin/Public
INFO: [ app_init ] --START--
INFO: Run Behavior\BuildLiteBehavior [ RunTime:0.000035s ]
INFO: [ app_init ] --END-- [ RunTime:0.000802s ]
ERR: 无法加载控制器:Public

[ 2015-12-05T16:09:06+08:00 ] 127.0.0.1 /Admin/index.php/Admin/Public
INFO: [ app_init ] --START--
INFO: Run Behavior\BuildLiteBehavior [ RunTime:0.000042s ]
INFO: [ app_init ] --END-- [ RunTime:0.000878s ]
ERR: 无法加载控制器:Public

[ 2015-12-05T16:09:20+08:00 ] 127.0.0.1 /Admin/index.php/Admin/Setting
INFO: [ app_init ] --START--
INFO: Run Behavior\BuildLiteBehavior [ RunTime:0.000046s ]
INFO: [ app_init ] --END-- [ RunTime:0.001309s ]
ERR: 非法操作:index

[ 2015-12-05T16:09:30+08:00 ] 127.0.0.1 /Admin/index.php/Admin/Artical
INFO: [ app_init ] --START--
INFO: Run Behavior\BuildLiteBehavior [ RunTime:0.000053s ]
INFO: [ app_init ] --END-- [ RunTime:0.000983s ]
ERR: 无法加载控制器:Artical

[ 2015-12-05T16:09:42+08:00 ] 127.0.0.1 /Admin/index.php/Admin/Article
INFO: [ app_init ] --START--
INFO: Run Behavior\BuildLiteBehavior [ RunTime:0.000050s ]
INFO: [ app_init ] --END-- [ RunTime:0.001124s ]

[ 2015-12-05T16:17:47+08:00 ] 127.0.0.1 /Admin/index.php/Admin/Article
INFO: [ app_init ] --START--
INFO: Run Behavior\BuildLiteBehavior [ RunTime:0.000058s ]
INFO: [ app_init ] --END-- [ RunTime:0.001179s ]

[ 2015-12-05T16:18:02+08:00 ] 127.0.0.1 /Admin/index.php/Admin/Article
INFO: [ app_init ] --START--
INFO: Run Behavior\BuildLiteBehavior [ RunTime:0.000043s ]
INFO: [ app_init ] --END-- [ RunTime:0.000843s ]

[ 2015-12-05T16:23:51+08:00 ] 127.0.0.1 /Admin/index.php/Admin/Article
INFO: [ app_init ] --START--
INFO: Run Behavior\BuildLiteBehavior [ RunTime:0.000058s ]
INFO: [ app_init ] --END-- [ RunTime:0.001167s ]

[ 2015-12-05T16:25:11+08:00 ] 127.0.0.1 /Admin/index.php/Admin/Article
INFO: [ app_init ] --START--
INFO: Run Behavior\BuildLiteBehavior [ RunTime:0.000036s ]
INFO: [ app_init ] --END-- [ RunTime:0.000719s ]

[ 2015-12-05T16:25:19+08:00 ] 127.0.0.1 /Admin/index.php/Admin/Article
INFO: [ app_init ] --START--
INFO: Run Behavior\BuildLiteBehavior [ RunTime:0.000042s ]
INFO: [ app_init ] --END-- [ RunTime:0.000807s ]

[ 2015-12-05T16:27:31+08:00 ] 127.0.0.1 /Admin/index.php/Admin/Article
INFO: [ app_init ] --START--
INFO: Run Behavior\BuildLiteBehavior [ RunTime:0.000096s ]
INFO: [ app_init ] --END-- [ RunTime:0.001411s ]

[ 2015-12-05T16:31:00+08:00 ] 127.0.0.1 /Admin/index.php/Admin/Article
INFO: [ app_init ] --START--
INFO: Run Behavior\BuildLiteBehavior [ RunTime:0.000044s ]
INFO: [ app_init ] --END-- [ RunTime:0.001164s ]
ERR: 模板不存在:./Application/Admin/View/Article/index.html

[ 2015-12-05T16:31:09+08:00 ] 127.0.0.1 /Admin/index.php/Admin/Ceping
INFO: [ app_init ] --START--
INFO: Run Behavior\BuildLiteBehavior [ RunTime:0.000054s ]
INFO: [ app_init ] --END-- [ RunTime:0.001082s ]
ERR: 无法加载控制器:Ceping

[ 2015-12-05T16:31:14+08:00 ] 127.0.0.1 /Admin/index.php/Admin/Ceping
INFO: [ app_init ] --START--
INFO: Run Behavior\BuildLiteBehavior [ RunTime:0.000078s ]
INFO: [ app_init ] --END-- [ RunTime:0.001230s ]
ERR: 无法加载控制器:Ceping

[ 2015-12-05T16:35:24+08:00 ] 127.0.0.1 /Admin/index.php/Admin/Ceping
INFO: [ app_init ] --START--
INFO: Run Behavior\BuildLiteBehavior [ RunTime:0.000072s ]
INFO: [ app_init ] --END-- [ RunTime:0.001478s ]
ERR: 无法加载控制器:Ceping

[ 2015-12-05T16:35:31+08:00 ] 127.0.0.1 /Admin/index.php/Admin/Ceping
INFO: [ app_init ] --START--
INFO: Run Behavior\BuildLiteBehavior [ RunTime:0.000070s ]
INFO: [ app_init ] --END-- [ RunTime:0.001250s ]
ERR: 无法加载控制器:Ceping

[ 2015-12-05T16:37:39+08:00 ] 127.0.0.1 /Admin/index.php/Admin/Ceping
INFO: [ app_init ] --START--
INFO: Run Behavior\BuildLiteBehavior [ RunTime:0.000064s ]
INFO: [ app_init ] --END-- [ RunTime:0.001687s ]

[ 2015-12-05T16:37:41+08:00 ] 127.0.0.1 /Admin/index.php/Admin/Ceping
INFO: [ app_init ] --START--
INFO: Run Behavior\BuildLiteBehavior [ RunTime:0.000107s ]
INFO: [ app_init ] --END-- [ RunTime:0.002571s ]

[ 2015-12-05T16:39:12+08:00 ] 127.0.0.1 /Admin/index.php/Admin/Ceping
INFO: [ app_init ] --START--
INFO: Run Behavior\BuildLiteBehavior [ RunTime:0.000204s ]
INFO: [ app_init ] --END-- [ RunTime:0.001554s ]

[ 2015-12-05T16:40:37+08:00 ] 127.0.0.1 /Admin/index.php/Admin/Ceping
INFO: [ app_init ] --START--
INFO: Run Behavior\BuildLiteBehavior [ RunTime:0.000105s ]
INFO: [ app_init ] --END-- [ RunTime:0.001573s ]

[ 2015-12-05T16:40:41+08:00 ] 127.0.0.1 /Admin/index.php/Admin/Ceping
INFO: [ app_init ] --START--
INFO: Run Behavior\BuildLiteBehavior [ RunTime:0.000095s ]
INFO: [ app_init ] --END-- [ RunTime:0.001801s ]

[ 2015-12-05T16:40:41+08:00 ] 127.0.0.1 /Admin/index.php/Admin/Ceping
INFO: [ app_init ] --START--
INFO: Run Behavior\BuildLiteBehavior [ RunTime:0.000091s ]
INFO: [ app_init ] --END-- [ RunTime:0.001460s ]

[ 2015-12-05T16:40:42+08:00 ] 127.0.0.1 /Admin/index.php/Admin/Ceping
INFO: [ app_init ] --START--
INFO: Run Behavior\BuildLiteBehavior [ RunTime:0.000069s ]
INFO: [ app_init ] --END-- [ RunTime:0.001438s ]

[ 2015-12-05T16:40:43+08:00 ] 127.0.0.1 /Admin/index.php/Admin/Ceping
INFO: [ app_init ] --START--
INFO: Run Behavior\BuildLiteBehavior [ RunTime:0.000076s ]
INFO: [ app_init ] --END-- [ RunTime:0.001438s ]

[ 2015-12-05T16:41:22+08:00 ] 127.0.0.1 /Admin/index.php/Admin/Ceping
INFO: [ app_init ] --START--
INFO: Run Behavior\BuildLiteBehavior [ RunTime:0.000072s ]
INFO: [ app_init ] --END-- [ RunTime:0.001714s ]

[ 2015-12-05T16:41:40+08:00 ] 127.0.0.1 /Admin/index.php/Admin/Ceping
INFO: [ app_init ] --START--
INFO: Run Behavior\BuildLiteBehavior [ RunTime:0.000066s ]
INFO: [ app_init ] --END-- [ RunTime:0.001254s ]

[ 2015-12-05T16:41:41+08:00 ] 127.0.0.1 /Admin/index.php/Admin/Ceping
INFO: [ app_init ] --START--
INFO: Run Behavior\BuildLiteBehavior [ RunTime:0.000072s ]
INFO: [ app_init ] --END-- [ RunTime:0.001464s ]

[ 2015-12-05T16:41:42+08:00 ] 127.0.0.1 /Admin/index.php/Admin/Ceping
INFO: [ app_init ] --START--
INFO: Run Behavior\BuildLiteBehavior [ RunTime:0.000375s ]
INFO: [ app_init ] --END-- [ RunTime:0.002326s ]

[ 2015-12-05T16:41:42+08:00 ] 127.0.0.1 /Admin/index.php/Admin/Ceping
INFO: [ app_init ] --START--
INFO: Run Behavior\BuildLiteBehavior [ RunTime:0.000070s ]
INFO: [ app_init ] --END-- [ RunTime:0.001276s ]

[ 2015-12-05T16:41:42+08:00 ] 127.0.0.1 /Admin/index.php/Admin/Ceping
INFO: [ app_init ] --START--
INFO: Run Behavior\BuildLiteBehavior [ RunTime:0.000056s ]
INFO: [ app_init ] --END-- [ RunTime:0.000977s ]

[ 2015-12-05T16:42:28+08:00 ] 127.0.0.1 /Admin/index.php/Admin/Ceping
INFO: [ app_init ] --START--
INFO: Run Behavior\BuildLiteBehavior [ RunTime:0.000073s ]
INFO: [ app_init ] --END-- [ RunTime:0.001413s ]

[ 2015-12-05T16:42:48+08:00 ] 127.0.0.1 /Admin/index.php/Admin/Ceping
INFO: [ app_init ] --START--
INFO: Run Behavior\BuildLiteBehavior [ RunTime:0.000067s ]
INFO: [ app_init ] --END-- [ RunTime:0.001383s ]

[ 2015-12-05T16:43:47+08:00 ] 127.0.0.1 /Admin/index.php/Admin/Ceping
INFO: [ app_init ] --START--
INFO: Run Behavior\BuildLiteBehavior [ RunTime:0.000057s ]
INFO: [ app_init ] --END-- [ RunTime:0.001023s ]

[ 2015-12-05T16:43:48+08:00 ] 127.0.0.1 /Admin/index.php/Admin/Ceping
INFO: [ app_init ] --START--
INFO: Run Behavior\BuildLiteBehavior [ RunTime:0.000072s ]
INFO: [ app_init ] --END-- [ RunTime:0.001204s ]

[ 2015-12-05T16:43:48+08:00 ] 127.0.0.1 /Admin/index.php/Admin/Ceping
INFO: [ app_init ] --START--
INFO: Run Behavior\BuildLiteBehavior [ RunTime:0.000081s ]
INFO: [ app_init ] --END-- [ RunTime:0.001413s ]

[ 2015-12-05T16:45:10+08:00 ] 127.0.0.1 /Admin/index.php/Admin/Index
INFO: [ app_init ] --START--
INFO: Run Behavior\BuildLiteBehavior [ RunTime:0.000130s ]
INFO: [ app_init ] --END-- [ RunTime:0.001303s ]

[ 2015-12-05T16:45:16+08:00 ] 127.0.0.1 /Admin/index.php/Admin/Ceping
INFO: [ app_init ] --START--
INFO: Run Behavior\BuildLiteBehavior [ RunTime:0.000093s ]
INFO: [ app_init ] --END-- [ RunTime:0.001662s ]

[ 2015-12-05T16:45:41+08:00 ] 127.0.0.1 /Admin/index.php/Admin/Ceping
INFO: [ app_init ] --START--
INFO: Run Behavior\BuildLiteBehavior [ RunTime:0.000069s ]
INFO: [ app_init ] --END-- [ RunTime:0.001286s ]

[ 2015-12-05T16:45:44+08:00 ] 127.0.0.1 /Admin/index.php/Admin/Ceping
INFO: [ app_init ] --START--
INFO: Run Behavior\BuildLiteBehavior [ RunTime:0.000068s ]
INFO: [ app_init ] --END-- [ RunTime:0.001340s ]

[ 2015-12-05T16:45:45+08:00 ] 127.0.0.1 /Admin/index.php/Admin/Ceping
INFO: [ app_init ] --START--
INFO: Run Behavior\BuildLiteBehavior [ RunTime:0.000071s ]
INFO: [ app_init ] --END-- [ RunTime:0.001398s ]

[ 2015-12-05T16:45:45+08:00 ] 127.0.0.1 /Admin/index.php/Admin/Ceping
INFO: [ app_init ] --START--
INFO: Run Behavior\BuildLiteBehavior [ RunTime:0.000086s ]
INFO: [ app_init ] --END-- [ RunTime:0.001954s ]

[ 2015-12-05T16:45:45+08:00 ] 127.0.0.1 /Admin/index.php/Admin/Ceping
INFO: [ app_init ] --START--
INFO: Run Behavior\BuildLiteBehavior [ RunTime:0.000057s ]
INFO: [ app_init ] --END-- [ RunTime:0.000992s ]

[ 2015-12-05T16:45:45+08:00 ] 127.0.0.1 /Admin/index.php/Admin/Ceping
INFO: [ app_init ] --START--
INFO: Run Behavior\BuildLiteBehavior [ RunTime:0.000074s ]
INFO: [ app_init ] --END-- [ RunTime:0.001447s ]

[ 2015-12-05T16:45:45+08:00 ] 127.0.0.1 /Admin/index.php/Admin/Ceping
INFO: [ app_init ] --START--
INFO: Run Behavior\BuildLiteBehavior [ RunTime:0.000060s ]
INFO: [ app_init ] --END-- [ RunTime:0.001083s ]

[ 2015-12-05T16:45:45+08:00 ] 127.0.0.1 /Admin/index.php/Admin/Ceping
INFO: [ app_init ] --START--
INFO: Run Behavior\BuildLiteBehavior [ RunTime:0.000074s ]
INFO: [ app_init ] --END-- [ RunTime:0.001253s ]

[ 2015-12-05T16:45:45+08:00 ] 127.0.0.1 /Admin/index.php/Admin/Ceping
INFO: [ app_init ] --START--
INFO: Run Behavior\BuildLiteBehavior [ RunTime:0.000081s ]
INFO: [ app_init ] --END-- [ RunTime:0.001383s ]

[ 2015-12-05T16:45:45+08:00 ] 127.0.0.1 /Admin/index.php/Admin/Ceping
INFO: [ app_init ] --START--
INFO: Run Behavior\BuildLiteBehavior [ RunTime:0.000080s ]
INFO: [ app_init ] --END-- [ RunTime:0.002763s ]

[ 2015-12-05T16:45:46+08:00 ] 127.0.0.1 /Admin/index.php/Admin/Ceping
INFO: [ app_init ] --START--
INFO: Run Behavior\BuildLiteBehavior [ RunTime:0.000081s ]
INFO: [ app_init ] --END-- [ RunTime:0.001371s ]

[ 2015-12-05T16:45:46+08:00 ] 127.0.0.1 /Admin/index.php/Admin/Ceping
INFO: [ app_init ] --START--
INFO: Run Behavior\BuildLiteBehavior [ RunTime:0.000084s ]
INFO: [ app_init ] --END-- [ RunTime:0.001571s ]

[ 2015-12-05T16:45:46+08:00 ] 127.0.0.1 /Admin/index.php/Admin/Ceping
INFO: [ app_init ] --START--
INFO: Run Behavior\BuildLiteBehavior [ RunTime:0.000062s ]
INFO: [ app_init ] --END-- [ RunTime:0.001372s ]

[ 2015-12-05T16:45:46+08:00 ] 127.0.0.1 /Admin/index.php/Admin/Ceping
INFO: [ app_init ] --START--
INFO: Run Behavior\BuildLiteBehavior [ RunTime:0.000063s ]
INFO: [ app_init ] --END-- [ RunTime:0.001325s ]

[ 2015-12-05T16:45:46+08:00 ] 127.0.0.1 /Admin/index.php/Admin/Ceping
INFO: [ app_init ] --START--
INFO: Run Behavior\BuildLiteBehavior [ RunTime:0.000088s ]
INFO: [ app_init ] --END-- [ RunTime:0.001491s ]

[ 2015-12-05T16:45:46+08:00 ] 127.0.0.1 /Admin/index.php/Admin/Ceping
INFO: [ app_init ] --START--
INFO: Run Behavior\BuildLiteBehavior [ RunTime:0.000073s ]
INFO: [ app_init ] --END-- [ RunTime:0.001572s ]

[ 2015-12-05T16:45:46+08:00 ] 127.0.0.1 /Admin/index.php/Admin/Ceping
INFO: [ app_init ] --START--
INFO: Run Behavior\BuildLiteBehavior [ RunTime:0.000094s ]
INFO: [ app_init ] --END-- [ RunTime:0.001431s ]

[ 2015-12-05T16:45:46+08:00 ] 127.0.0.1 /Admin/index.php/Admin/Ceping
INFO: [ app_init ] --START--
INFO: Run Behavior\BuildLiteBehavior [ RunTime:0.000061s ]
INFO: [ app_init ] --END-- [ RunTime:0.001227s ]

[ 2015-12-05T16:45:46+08:00 ] 127.0.0.1 /Admin/index.php/Admin/Ceping
INFO: [ app_init ] --START--
INFO: Run Behavior\BuildLiteBehavior [ RunTime:0.000075s ]
INFO: [ app_init ] --END-- [ RunTime:0.001124s ]

[ 2015-12-05T16:45:46+08:00 ] 127.0.0.1 /Admin/index.php/Admin/Ceping
INFO: [ app_init ] --START--
INFO: Run Behavior\BuildLiteBehavior [ RunTime:0.000089s ]
INFO: [ app_init ] --END-- [ RunTime:0.001491s ]

[ 2015-12-05T16:45:46+08:00 ] 127.0.0.1 /Admin/index.php/Admin/Ceping
INFO: [ app_init ] --START--
INFO: Run Behavior\BuildLiteBehavior [ RunTime:0.000065s ]
INFO: [ app_init ] --END-- [ RunTime:0.001141s ]

[ 2015-12-05T16:45:46+08:00 ] 127.0.0.1 /Admin/index.php/Admin/Ceping
INFO: [ app_init ] --START--
INFO: Run Behavior\BuildLiteBehavior [ RunTime:0.000075s ]
INFO: [ app_init ] --END-- [ RunTime:0.001237s ]

[ 2015-12-05T16:45:46+08:00 ] 127.0.0.1 /Admin/index.php/Admin/Ceping
INFO: [ app_init ] --START--
INFO: Run Behavior\BuildLiteBehavior [ RunTime:0.000146s ]
INFO: [ app_init ] --END-- [ RunTime:0.001504s ]

[ 2015-12-05T16:45:46+08:00 ] 127.0.0.1 /Admin/index.php/Admin/Ceping
INFO: [ app_init ] --START--
INFO: Run Behavior\BuildLiteBehavior [ RunTime:0.000060s ]
INFO: [ app_init ] --END-- [ RunTime:0.000972s ]

[ 2015-12-05T16:46:31+08:00 ] 127.0.0.1 /Admin/index.php/Admin/Ceping
INFO: [ app_init ] --START--
INFO: Run Behavior\BuildLiteBehavior [ RunTime:0.000113s ]
INFO: [ app_init ] --END-- [ RunTime:0.001161s ]

[ 2015-12-05T17:02:59+08:00 ] 127.0.0.1 /Admin/index.php/Admin/Ceping
INFO: [ app_init ] --START--
INFO: Run Behavior\BuildLiteBehavior [ RunTime:0.000074s ]
INFO: [ app_init ] --END-- [ RunTime:0.001500s ]

[ 2015-12-05T17:05:37+08:00 ] 127.0.0.1 /Admin/index.php/Admin/Ceping
INFO: [ app_init ] --START--
INFO: Run Behavior\BuildLiteBehavior [ RunTime:0.000079s ]
INFO: [ app_init ] --END-- [ RunTime:0.001520s ]

[ 2015-12-05T17:06:05+08:00 ] 127.0.0.1 /Admin/index.php/Admin/Ceping
INFO: [ app_init ] --START--
INFO: Run Behavior\BuildLiteBehavior [ RunTime:0.000079s ]
INFO: [ app_init ] --END-- [ RunTime:0.001534s ]

[ 2015-12-05T17:06:46+08:00 ] 127.0.0.1 /Admin/index.php/Admin/Ceping
INFO: [ app_init ] --START--
INFO: Run Behavior\BuildLiteBehavior [ RunTime:0.000106s ]
INFO: [ app_init ] --END-- [ RunTime:0.001705s ]

[ 2015-12-05T17:08:38+08:00 ] 127.0.0.1 /Admin/index.php/Admin/Ceping/content
INFO: [ app_init ] --START--
INFO: Run Behavior\BuildLiteBehavior [ RunTime:0.000074s ]
INFO: [ app_init ] --END-- [ RunTime:0.001309s ]

[ 2015-12-05T17:08:48+08:00 ] 127.0.0.1 /Admin/index.php/Admin/Ceping
INFO: [ app_init ] --START--
INFO: Run Behavior\BuildLiteBehavior [ RunTime:0.000091s ]
INFO: [ app_init ] --END-- [ RunTime:0.001217s ]

[ 2015-12-05T17:09:39+08:00 ] 127.0.0.1 /Admin/index.php/Admin/Ceping/content
INFO: [ app_init ] --START--
INFO: Run Behavior\BuildLiteBehavior [ RunTime:0.000056s ]
INFO: [ app_init ] --END-- [ RunTime:0.001067s ]

[ 2015-12-05T17:10:20+08:00 ] 127.0.0.1 /Admin/index.php/Admin/Setting
INFO: [ app_init ] --START--
INFO: Run Behavior\BuildLiteBehavior [ RunTime:0.000055s ]
INFO: [ app_init ] --END-- [ RunTime:0.001153s ]
ERR: 非法操作:index

[ 2015-12-05T17:12:26+08:00 ] 127.0.0.1 /Admin/index.php/Admin/Picture
INFO: [ app_init ] --START--
INFO: Run Behavior\BuildLiteBehavior [ RunTime:0.000065s ]
INFO: [ app_init ] --END-- [ RunTime:0.001403s ]

[ 2015-12-05T17:29:16+08:00 ] 127.0.0.1 /Admin/index.php/Admin/Ceping
INFO: [ app_init ] --START--
INFO: Run Behavior\BuildLiteBehavior [ RunTime:0.000064s ]
INFO: [ app_init ] --END-- [ RunTime:0.001280s ]

[ 2015-12-05T17:31:24+08:00 ] 127.0.0.1 /Admin/index.php/Admin/Ceping
INFO: [ app_init ] --START--
INFO: Run Behavior\BuildLiteBehavior [ RunTime:0.000085s ]
INFO: [ app_init ] --END-- [ RunTime:0.001527s ]

[ 2015-12-05T17:48:32+08:00 ] 127.0.0.1 /Admin/index.php/Admin/Ceping/object
INFO: [ app_init ] --START--
INFO: Run Behavior\BuildLiteBehavior [ RunTime:0.000207s ]
INFO: [ app_init ] --END-- [ RunTime:0.001874s ]

[ 2015-12-05T17:49:40+08:00 ] 127.0.0.1 /Admin/index.php/Admin/Ceping/object
INFO: [ app_init ] --START--
INFO: Run Behavior\BuildLiteBehavior [ RunTime:0.000080s ]
INFO: [ app_init ] --END-- [ RunTime:0.001614s ]

[ 2015-12-05T17:49:47+08:00 ] 127.0.0.1 /Admin/index.php/Admin/Ceping/object
INFO: [ app_init ] --START--
INFO: Run Behavior\BuildLiteBehavior [ RunTime:0.000077s ]
INFO: [ app_init ] --END-- [ RunTime:0.001390s ]

[ 2015-12-05T17:50:33+08:00 ] 127.0.0.1 /Admin/index.php/Admin/Ceping/
INFO: [ app_init ] --START--
INFO: Run Behavior\BuildLiteBehavior [ RunTime:0.000088s ]
INFO: [ app_init ] --END-- [ RunTime:0.001400s ]

[ 2015-12-05T19:07:27+08:00 ] 127.0.0.1 /Admin/index.php/Admin/Ceping/object
INFO: [ app_init ] --START--
INFO: Run Behavior\BuildLiteBehavior [ RunTime:0.000085s ]
INFO: [ app_init ] --END-- [ RunTime:0.001740s ]

[ 2015-12-05T19:07:33+08:00 ] 127.0.0.1 /Admin/index.php/Admin/Ceping/object
INFO: [ app_init ] --START--
INFO: Run Behavior\BuildLiteBehavior [ RunTime:0.000075s ]
INFO: [ app_init ] --END-- [ RunTime:0.001370s ]

[ 2015-12-05T19:44:05+08:00 ] 127.0.0.1 /Admin/index.php/Admin/Ceping/object
INFO: [ app_init ] --START--
INFO: Run Behavior\BuildLiteBehavior [ RunTime:0.000058s ]
INFO: [ app_init ] --END-- [ RunTime:0.001314s ]

[ 2015-12-05T19:45:33+08:00 ] 127.0.0.1 /Admin/index.php/Admin/Ceping/object
INFO: [ app_init ] --START--
INFO: Run Behavior\BuildLiteBehavior [ RunTime:0.000040s ]
INFO: [ app_init ] --END-- [ RunTime:0.001030s ]

[ 2015-12-05T19:45:51+08:00 ] 127.0.0.1 /Admin/index.php/Admin/Ceping/object
INFO: [ app_init ] --START--
INFO: Run Behavior\BuildLiteBehavior [ RunTime:0.000049s ]
INFO: [ app_init ] --END-- [ RunTime:0.000998s ]

[ 2015-12-05T19:46:17+08:00 ] 127.0.0.1 /Admin/index.php/Admin/Ceping/object
INFO: [ app_init ] --START--
INFO: Run Behavior\BuildLiteBehavior [ RunTime:0.000040s ]
INFO: [ app_init ] --END-- [ RunTime:0.000900s ]

[ 2015-12-05T19:46:26+08:00 ] 127.0.0.1 /Admin/index.php/Admin/Ceping/object
INFO: [ app_init ] --START--
INFO: Run Behavior\BuildLiteBehavior [ RunTime:0.000047s ]
INFO: [ app_init ] --END-- [ RunTime:0.000905s ]

[ 2015-12-05T19:46:48+08:00 ] 127.0.0.1 /Admin/index.php/Admin/Ceping/object
INFO: [ app_init ] --START--
INFO: Run Behavior\BuildLiteBehavior [ RunTime:0.000057s ]
INFO: [ app_init ] --END-- [ RunTime:0.000941s ]

[ 2015-12-05T19:47:19+08:00 ] 127.0.0.1 /Admin/index.php/Admin/Ceping/object
INFO: [ app_init ] --START--
INFO: Run Behavior\BuildLiteBehavior [ RunTime:0.000047s ]
INFO: [ app_init ] --END-- [ RunTime:0.000838s ]

[ 2015-12-05T19:47:44+08:00 ] 127.0.0.1 /Admin/index.php/Admin/Ceping/object
INFO: [ app_init ] --START--
INFO: Run Behavior\BuildLiteBehavior [ RunTime:0.000048s ]
INFO: [ app_init ] --END-- [ RunTime:0.000792s ]

[ 2015-12-05T19:48:46+08:00 ] 127.0.0.1 /Admin/index.php/Admin/Ceping/object
INFO: [ app_init ] --START--
INFO: Run Behavior\BuildLiteBehavior [ RunTime:0.000046s ]
INFO: [ app_init ] --END-- [ RunTime:0.000866s ]

[ 2015-12-05T19:49:09+08:00 ] 127.0.0.1 /Admin/index.php/Admin/Ceping/object
INFO: [ app_init ] --START--
INFO: Run Behavior\BuildLiteBehavior [ RunTime:0.000047s ]
INFO: [ app_init ] --END-- [ RunTime:0.000925s ]

[ 2015-12-05T19:49:27+08:00 ] 127.0.0.1 /Admin/index.php/Admin/Ceping/
INFO: [ app_init ] --START--
INFO: Run Behavior\BuildLiteBehavior [ RunTime:0.000067s ]
INFO: [ app_init ] --END-- [ RunTime:0.001101s ]

[ 2015-12-05T19:49:42+08:00 ] 127.0.0.1 /Admin/index.php/Admin/Ceping/object
INFO: [ app_init ] --START--
INFO: Run Behavior\BuildLiteBehavior [ RunTime:0.000047s ]
INFO: [ app_init ] --END-- [ RunTime:0.000749s ]

[ 2015-12-05T19:49:53+08:00 ] 127.0.0.1 /Admin/index.php/Admin/Ceping/content
INFO: [ app_init ] --START--
INFO: Run Behavior\BuildLiteBehavior [ RunTime:0.000047s ]
INFO: [ app_init ] --END-- [ RunTime:0.000876s ]

[ 2015-12-05T19:51:32+08:00 ] 127.0.0.1 /Admin/index.php/Admin/Ceping/user
INFO: [ app_init ] --START--
INFO: Run Behavior\BuildLiteBehavior [ RunTime:0.000053s ]
INFO: [ app_init ] --END-- [ RunTime:0.001234s ]

[ 2015-12-05T19:52:29+08:00 ] 127.0.0.1 /Admin/index.php/Admin/Ceping/content
INFO: [ app_init ] --START--
INFO: Run Behavior\BuildLiteBehavior [ RunTime:0.000050s ]
INFO: [ app_init ] --END-- [ RunTime:0.001011s ]

[ 2015-12-05T19:54:25+08:00 ] 127.0.0.1 /Admin/index.php/Admin/Ceping/
INFO: [ app_init ] --START--
INFO: Run Behavior\BuildLiteBehavior [ RunTime:0.000074s ]
INFO: [ app_init ] --END-- [ RunTime:0.001480s ]

[ 2015-12-05T19:56:51+08:00 ] 127.0.0.1 /Admin/index.php/Admin/Ceping/content
INFO: [ app_init ] --START--
INFO: Run Behavior\BuildLiteBehavior [ RunTime:0.000059s ]
INFO: [ app_init ] --END-- [ RunTime:0.001105s ]

[ 2015-12-05T19:57:01+08:00 ] 127.0.0.1 /Admin/index.php/Admin/Ceping
INFO: [ app_init ] --START--
INFO: Run Behavior\BuildLiteBehavior [ RunTime:0.000039s ]
INFO: [ app_init ] --END-- [ RunTime:0.000702s ]

[ 2015-12-05T20:03:21+08:00 ] 127.0.0.1 /Admin/index.php/Admin/Ceping/user
INFO: [ app_init ] --START--
INFO: Run Behavior\BuildLiteBehavior [ RunTime:0.000042s ]
INFO: [ app_init ] --END-- [ RunTime:0.000808s ]

[ 2015-12-05T20:03:29+08:00 ] 127.0.0.1 /Admin/index.php/Admin/Ceping/user
INFO: [ app_init ] --START--
INFO: Run Behavior\BuildLiteBehavior [ RunTime:0.000038s ]
INFO: [ app_init ] --END-- [ RunTime:0.000817s ]

[ 2015-12-05T20:03:32+08:00 ] 127.0.0.1 /Admin/index.php/Admin/Ceping/user
INFO: [ app_init ] --START--
INFO: Run Behavior\BuildLiteBehavior [ RunTime:0.000102s ]
INFO: [ app_init ] --END-- [ RunTime:0.001220s ]

[ 2015-12-05T20:03:52+08:00 ] 127.0.0.1 /Admin/index.php/Admin/Ceping/user
INFO: [ app_init ] --START--
INFO: Run Behavior\BuildLiteBehavior [ RunTime:0.000048s ]
INFO: [ app_init ] --END-- [ RunTime:0.000878s ]

[ 2015-12-05T20:04:37+08:00 ] 127.0.0.1 /Admin/index.php/Admin/Ceping/user
INFO: [ app_init ] --START--
INFO: Run Behavior\BuildLiteBehavior [ RunTime:0.000053s ]
INFO: [ app_init ] --END-- [ RunTime:0.001052s ]

[ 2015-12-05T20:04:38+08:00 ] 127.0.0.1 /Admin/index.php/Admin/Ceping/user
INFO: [ app_init ] --START--
INFO: Run Behavior\BuildLiteBehavior [ RunTime:0.000049s ]
INFO: [ app_init ] --END-- [ RunTime:0.000790s ]

[ 2015-12-05T20:04:39+08:00 ] 127.0.0.1 /Admin/index.php/Admin/Ceping/user
INFO: [ app_init ] --START--
INFO: Run Behavior\BuildLiteBehavior [ RunTime:0.000047s ]
INFO: [ app_init ] --END-- [ RunTime:0.000960s ]

[ 2015-12-05T20:04:40+08:00 ] 127.0.0.1 /Admin/index.php/Admin/Ceping/user
INFO: [ app_init ] --START--
INFO: Run Behavior\BuildLiteBehavior [ RunTime:0.000061s ]
INFO: [ app_init ] --END-- [ RunTime:0.001151s ]

[ 2015-12-05T20:04:44+08:00 ] 127.0.0.1 /Admin/index.php/Admin/Ceping/user
INFO: [ app_init ] --START--
INFO: Run Behavior\BuildLiteBehavior [ RunTime:0.000070s ]
INFO: [ app_init ] --END-- [ RunTime:0.001339s ]

[ 2015-12-05T20:04:48+08:00 ] 127.0.0.1 /Admin/index.php/Admin/Ceping/user
INFO: [ app_init ] --START--
INFO: Run Behavior\BuildLiteBehavior [ RunTime:0.000061s ]
INFO: [ app_init ] --END-- [ RunTime:0.001057s ]

[ 2015-12-05T20:04:51+08:00 ] 127.0.0.1 /Admin/index.php/Admin/Ceping/user
INFO: [ app_init ] --START--
INFO: Run Behavior\BuildLiteBehavior [ RunTime:0.000039s ]
INFO: [ app_init ] --END-- [ RunTime:0.000833s ]

[ 2015-12-05T20:04:56+08:00 ] 127.0.0.1 /Admin/index.php/Admin/Ceping/user
INFO: [ app_init ] --START--
INFO: Run Behavior\BuildLiteBehavior [ RunTime:0.000047s ]
INFO: [ app_init ] --END-- [ RunTime:0.000767s ]

[ 2015-12-05T20:05:53+08:00 ] 127.0.0.1 /Admin/index.php/Admin/Ceping/user
INFO: [ app_init ] --START--
INFO: Run Behavior\BuildLiteBehavior [ RunTime:0.000062s ]
INFO: [ app_init ] --END-- [ RunTime:0.001241s ]

[ 2015-12-05T20:05:58+08:00 ] 127.0.0.1 /Admin/index.php/Admin/Ceping/user
INFO: [ app_init ] --START--
INFO: Run Behavior\BuildLiteBehavior [ RunTime:0.000048s ]
INFO: [ app_init ] --END-- [ RunTime:0.000817s ]

[ 2015-12-05T20:05:59+08:00 ] 127.0.0.1 /Admin/index.php/Admin/Ceping/user
INFO: [ app_init ] --START--
INFO: Run Behavior\BuildLiteBehavior [ RunTime:0.000047s ]
INFO: [ app_init ] --END-- [ RunTime:0.000796s ]

[ 2015-12-05T20:07:22+08:00 ] 127.0.0.1 /Admin/index.php/Admin/Ceping/user
INFO: [ app_init ] --START--
INFO: Run Behavior\BuildLiteBehavior [ RunTime:0.000048s ]
INFO: [ app_init ] --END-- [ RunTime:0.000859s ]

[ 2015-12-05T20:07:24+08:00 ] 127.0.0.1 /Admin/index.php/Admin/Ceping/user
INFO: [ app_init ] --START--
INFO: Run Behavior\BuildLiteBehavior [ RunTime:0.000061s ]
INFO: [ app_init ] --END-- [ RunTime:0.001111s ]

[ 2015-12-05T20:20:08+08:00 ] 127.0.0.1 /Admin/index.php/Admin/Ceping/content
INFO: [ app_init ] --START--
INFO: Run Behavior\BuildLiteBehavior [ RunTime:0.000048s ]
INFO: [ app_init ] --END-- [ RunTime:0.001076s ]

[ 2015-12-05T20:22:02+08:00 ] 127.0.0.1 /Admin/index.php/Admin/Ceping/content
INFO: [ app_init ] --START--
INFO: Run Behavior\BuildLiteBehavior [ RunTime:0.000057s ]
INFO: [ app_init ] --END-- [ RunTime:0.000925s ]

[ 2015-12-05T20:22:54+08:00 ] 127.0.0.1 /Admin/index.php/Admin/Ceping/content
INFO: [ app_init ] --START--
INFO: Run Behavior\BuildLiteBehavior [ RunTime:0.000039s ]
INFO: [ app_init ] --END-- [ RunTime:0.000675s ]

[ 2015-12-05T20:25:48+08:00 ] 127.0.0.1 /Admin/index.php/Admin/Ceping/content
INFO: [ app_init ] --START--
INFO: Run Behavior\BuildLiteBehavior [ RunTime:0.000047s ]
INFO: [ app_init ] --END-- [ RunTime:0.000772s ]

[ 2015-12-05T20:27:50+08:00 ] 127.0.0.1 /Admin/index.php/Admin/Ceping/
INFO: [ app_init ] --START--
INFO: Run Behavior\BuildLiteBehavior [ RunTime:0.000040s ]
INFO: [ app_init ] --END-- [ RunTime:0.000899s ]

[ 2015-12-05T20:29:14+08:00 ] 127.0.0.1 /Admin/index.php/Admin/Ceping/content
INFO: [ app_init ] --START--
INFO: Run Behavior\BuildLiteBehavior [ RunTime:0.000051s ]
INFO: [ app_init ] --END-- [ RunTime:0.000953s ]

[ 2015-12-05T20:30:49+08:00 ] 127.0.0.1 /Admin/index.php/Admin/Ceping/content
INFO: [ app_init ] --START--
INFO: Run Behavior\BuildLiteBehavior [ RunTime:0.000063s ]
INFO: [ app_init ] --END-- [ RunTime:0.001284s ]

[ 2015-12-05T20:31:03+08:00 ] 127.0.0.1 /Admin/index.php/Admin/Ceping/content
INFO: [ app_init ] --START--
INFO: Run Behavior\BuildLiteBehavior [ RunTime:0.000045s ]
INFO: [ app_init ] --END-- [ RunTime:0.000820s ]

[ 2015-12-05T20:31:25+08:00 ] 127.0.0.1 /Admin/index.php/Admin/Ceping/content
INFO: [ app_init ] --START--
INFO: Run Behavior\BuildLiteBehavior [ RunTime:0.000047s ]
INFO: [ app_init ] --END-- [ RunTime:0.001052s ]

[ 2015-12-05T20:31:58+08:00 ] 127.0.0.1 /Admin/index.php/Admin/Ceping/content
INFO: [ app_init ] --START--
INFO: Run Behavior\BuildLiteBehavior [ RunTime:0.000062s ]
INFO: [ app_init ] --END-- [ RunTime:0.001126s ]

[ 2015-12-05T20:31:59+08:00 ] 127.0.0.1 /Admin/index.php/Admin/Ceping/content
INFO: [ app_init ] --START--
INFO: Run Behavior\BuildLiteBehavior [ RunTime:0.000125s ]
INFO: [ app_init ] --END-- [ RunTime:0.001733s ]

[ 2015-12-05T20:32:06+08:00 ] 127.0.0.1 /Admin/index.php/Admin/Ceping/content
INFO: [ app_init ] --START--
INFO: Run Behavior\BuildLiteBehavior [ RunTime:0.000068s ]
INFO: [ app_init ] --END-- [ RunTime:0.001294s ]

[ 2015-12-05T20:32:35+08:00 ] 127.0.0.1 /Admin/index.php/Admin/Ceping/content
INFO: [ app_init ] --START--
INFO: Run Behavior\BuildLiteBehavior [ RunTime:0.000048s ]
INFO: [ app_init ] --END-- [ RunTime:0.000785s ]

[ 2015-12-05T20:36:35+08:00 ] 127.0.0.1 /Admin/index.php/Admin/Ceping/content
INFO: [ app_init ] --START--
INFO: Run Behavior\BuildLiteBehavior [ RunTime:0.000070s ]
INFO: [ app_init ] --END-- [ RunTime:0.000996s ]

[ 2015-12-05T20:37:46+08:00 ] 127.0.0.1 /Admin/index.php/Admin/Ceping/content
INFO: [ app_init ] --START--
INFO: Run Behavior\BuildLiteBehavior [ RunTime:0.000049s ]
INFO: [ app_init ] --END-- [ RunTime:0.000865s ]

[ 2015-12-05T20:38:09+08:00 ] 127.0.0.1 /Admin/index.php/Admin/Ceping/content
INFO: [ app_init ] --START--
INFO: Run Behavior\BuildLiteBehavior [ RunTime:0.000075s ]
INFO: [ app_init ] --END-- [ RunTime:0.001240s ]

[ 2015-12-05T20:42:57+08:00 ] 127.0.0.1 /Admin/index.php/Admin/Ceping/user
INFO: [ app_init ] --START--
INFO: Run Behavior\BuildLiteBehavior [ RunTime:0.000058s ]
INFO: [ app_init ] --END-- [ RunTime:0.001152s ]

[ 2015-12-05T20:43:22+08:00 ] 127.0.0.1 /Admin/index.php/Admin/Ceping/user
INFO: [ app_init ] --START--
INFO: Run Behavior\BuildLiteBehavior [ RunTime:0.000081s ]
INFO: [ app_init ] --END-- [ RunTime:0.001069s ]

[ 2015-12-05T20:43:52+08:00 ] 127.0.0.1 /Admin/index.php/Admin/Ceping/user
INFO: [ app_init ] --START--
INFO: Run Behavior\BuildLiteBehavior [ RunTime:0.000048s ]
INFO: [ app_init ] --END-- [ RunTime:0.000923s ]

[ 2015-12-05T20:44:24+08:00 ] 127.0.0.1 /Admin/index.php/Admin/Ceping/user
INFO: [ app_init ] --START--
INFO: Run Behavior\BuildLiteBehavior [ RunTime:0.000049s ]
INFO: [ app_init ] --END-- [ RunTime:0.000889s ]

[ 2015-12-05T20:44:25+08:00 ] 127.0.0.1 /Admin/index.php/Admin/Ceping/user
INFO: [ app_init ] --START--
INFO: Run Behavior\BuildLiteBehavior [ RunTime:0.000047s ]
INFO: [ app_init ] --END-- [ RunTime:0.000789s ]

[ 2015-12-05T20:46:22+08:00 ] 127.0.0.1 /Admin/index.php/Admin/Ceping/user
INFO: [ app_init ] --START--
INFO: Run Behavior\BuildLiteBehavior [ RunTime:0.000066s ]
INFO: [ app_init ] --END-- [ RunTime:0.001210s ]

[ 2015-12-05T20:46:24+08:00 ] 127.0.0.1 /Admin/index.php/Admin/Ceping/user
INFO: [ app_init ] --START--
INFO: Run Behavior\BuildLiteBehavior [ RunTime:0.000067s ]
INFO: [ app_init ] --END-- [ RunTime:0.001160s ]

[ 2015-12-05T20:49:05+08:00 ] 127.0.0.1 /Admin/index.php/Admin/Ceping/user
INFO: [ app_init ] --START--
INFO: Run Behavior\BuildLiteBehavior [ RunTime:0.000069s ]
INFO: [ app_init ] --END-- [ RunTime:0.001544s ]

[ 2015-12-05T20:52:45+08:00 ] 127.0.0.1 /Admin/index.php/Admin/Ceping/
INFO: [ app_init ] --START--
INFO: Run Behavior\BuildLiteBehavior [ RunTime:0.000053s ]
INFO: [ app_init ] --END-- [ RunTime:0.001214s ]

[ 2015-12-05T21:08:16+08:00 ] 127.0.0.1 /Admin/index.php/Admin/Ceping/user
INFO: [ app_init ] --START--
INFO: Run Behavior\BuildLiteBehavior [ RunTime:0.000047s ]
INFO: [ app_init ] --END-- [ RunTime:0.000913s ]

[ 2015-12-05T21:22:19+08:00 ] 127.0.0.1 /Admin/index.php/Admin/Ceping/
INFO: [ app_init ] --START--
INFO: Run Behavior\BuildLiteBehavior [ RunTime:0.000039s ]
INFO: [ app_init ] --END-- [ RunTime:0.000900s ]

[ 2015-12-05T21:29:40+08:00 ] 127.0.0.1 /Admin/index.php/Admin/Ceping/system
INFO: [ app_init ] --START--
INFO: Run Behavior\BuildLiteBehavior [ RunTime:0.000070s ]
INFO: [ app_init ] --END-- [ RunTime:0.001167s ]

[ 2015-12-05T21:30:11+08:00 ] 127.0.0.1 /Admin/index.php/Admin/Ceping/system
INFO: [ app_init ] --START--
INFO: Run Behavior\BuildLiteBehavior [ RunTime:0.000048s ]
INFO: [ app_init ] --END-- [ RunTime:0.000903s ]

[ 2015-12-05T21:31:36+08:00 ] 127.0.0.1 /Admin/index.php/Admin/Ceping/system
INFO: [ app_init ] --START--
INFO: Run Behavior\BuildLiteBehavior [ RunTime:0.000081s ]
INFO: [ app_init ] --END-- [ RunTime:0.001310s ]

[ 2015-12-05T21:32:05+08:00 ] 127.0.0.1 /Admin/index.php/Admin/Ceping/system
INFO: [ app_init ] --START--
INFO: Run Behavior\BuildLiteBehavior [ RunTime:0.000040s ]
INFO: [ app_init ] --END-- [ RunTime:0.000886s ]

[ 2015-12-05T21:32:18+08:00 ] 127.0.0.1 /Admin/index.php/Admin/Ceping/system
INFO: [ app_init ] --START--
INFO: Run Behavior\BuildLiteBehavior [ RunTime:0.000051s ]
INFO: [ app_init ] --END-- [ RunTime:0.000965s ]

[ 2015-12-05T21:32:36+08:00 ] 127.0.0.1 /Admin/index.php/Admin/Ceping/system
INFO: [ app_init ] --START--
INFO: Run Behavior\BuildLiteBehavior [ RunTime:0.000048s ]
INFO: [ app_init ] --END-- [ RunTime:0.000842s ]

[ 2015-12-05T21:32:43+08:00 ] 127.0.0.1 /Admin/index.php/Admin/Ceping/system
INFO: [ app_init ] --START--
INFO: Run Behavior\BuildLiteBehavior [ RunTime:0.000053s ]
INFO: [ app_init ] --END-- [ RunTime:0.000964s ]

[ 2015-12-05T21:34:57+08:00 ] 127.0.0.1 /Admin/index.php/Admin/Ceping/system
INFO: [ app_init ] --START--
INFO: Run Behavior\BuildLiteBehavior [ RunTime:0.000050s ]
INFO: [ app_init ] --END-- [ RunTime:0.001001s ]

[ 2015-12-05T21:35:38+08:00 ] 127.0.0.1 /Admin/index.php/Admin/Ceping/system
INFO: [ app_init ] --START--
INFO: Run Behavior\BuildLiteBehavior [ RunTime:0.000064s ]
INFO: [ app_init ] --END-- [ RunTime:0.000945s ]

[ 2015-12-05T21:36:42+08:00 ] 127.0.0.1 /Admin/index.php/Admin/Ceping/system
INFO: [ app_init ] --START--
INFO: Run Behavior\BuildLiteBehavior [ RunTime:0.000048s ]
INFO: [ app_init ] --END-- [ RunTime:0.000805s ]

[ 2015-12-05T21:37:14+08:00 ] 127.0.0.1 /Admin/index.php/Admin/Ceping/system
INFO: [ app_init ] --START--
INFO: Run Behavior\BuildLiteBehavior [ RunTime:0.000048s ]
INFO: [ app_init ] --END-- [ RunTime:0.000926s ]

[ 2015-12-05T21:37:23+08:00 ] 127.0.0.1 /Admin/index.php/Admin/Ceping/system
INFO: [ app_init ] --START--
INFO: Run Behavior\BuildLiteBehavior [ RunTime:0.000071s ]
INFO: [ app_init ] --END-- [ RunTime:0.001278s ]

