[ 2016-05-24T12:47:06+08:00 ] ::1 /hzauygjy/index.php/admin/Index/photo.html
INFO: [ app_init ] --START--
INFO: Run Behavior\BuildLiteBehavior [ RunTime:0.000264s ]
INFO: [ app_init ] --END-- [ RunTime:0.002849s ]

[ 2016-05-24T12:47:11+08:00 ] ::1 /hzauygjy/index.php/admin/Index/lnkh.html
INFO: [ app_init ] --START--
INFO: Run Behavior\BuildLiteBehavior [ RunTime:0.000063s ]
INFO: [ app_init ] --END-- [ RunTime:0.001270s ]

[ 2016-05-24T12:47:17+08:00 ] ::1 /hzauygjy/index.php/admin/Index/renwu.html
INFO: [ app_init ] --START--
INFO: Run Behavior\BuildLiteBehavior [ RunTime:0.000080s ]
INFO: [ app_init ] --END-- [ RunTime:0.001733s ]

[ 2016-05-24T12:47:20+08:00 ] ::1 /hzauygjy/index.php/admin/Index/gain.html
INFO: [ app_init ] --START--
INFO: Run Behavior\BuildLiteBehavior [ RunTime:0.000121s ]
INFO: [ app_init ] --END-- [ RunTime:0.003351s ]

[ 2016-05-24T12:47:37+08:00 ] ::1 /hzauygjy/index.php/admin/News/add.html
INFO: [ app_init ] --START--
INFO: Run Behavior\BuildLiteBehavior [ RunTime:0.000078s ]
INFO: [ app_init ] --END-- [ RunTime:0.001649s ]

[ 2016-05-24T12:47:43+08:00 ] ::1 /hzauygjy/index.php/admin/News/view.html
INFO: [ app_init ] --START--
INFO: Run Behavior\BuildLiteBehavior [ RunTime:0.000076s ]
INFO: [ app_init ] --END-- [ RunTime:0.001729s ]

[ 2016-05-24T12:47:48+08:00 ] ::1 /hzauygjy/index.php/admin/People/add.html
INFO: [ app_init ] --START--
INFO: Run Behavior\BuildLiteBehavior [ RunTime:0.000113s ]
INFO: [ app_init ] --END-- [ RunTime:0.002834s ]

[ 2016-05-24T12:47:57+08:00 ] ::1 /hzauygjy/index.php/admin/People/manager.html
INFO: [ app_init ] --START--
INFO: Run Behavior\BuildLiteBehavior [ RunTime:0.000077s ]
INFO: [ app_init ] --END-- [ RunTime:0.001774s ]

[ 2016-05-24T14:26:19+08:00 ] ::1 /hzauygjy/index.php/admin/Index/photo.html
INFO: [ app_init ] --START--
INFO: Run Behavior\BuildLiteBehavior [ RunTime:0.000120s ]
INFO: [ app_init ] --END-- [ RunTime:0.003123s ]

[ 2016-05-24T14:26:42+08:00 ] ::1 /hzauygjy/index.php/admin/Index/lnkh.html
INFO: [ app_init ] --START--
INFO: Run Behavior\BuildLiteBehavior [ RunTime:0.000096s ]
INFO: [ app_init ] --END-- [ RunTime:0.002284s ]

[ 2016-05-24T14:27:04+08:00 ] ::1 /hzauygjy/index.php/admin/Index/day.html
INFO: [ app_init ] --START--
INFO: Run Behavior\BuildLiteBehavior [ RunTime:0.000134s ]
INFO: [ app_init ] --END-- [ RunTime:0.003008s ]

[ 2016-05-24T14:27:16+08:00 ] ::1 /hzauygjy/index.php/admin/Index/activity.html
INFO: [ app_init ] --START--
INFO: Run Behavior\BuildLiteBehavior [ RunTime:0.000123s ]
INFO: [ app_init ] --END-- [ RunTime:0.004331s ]

[ 2016-05-24T14:28:40+08:00 ] ::1 /hzauygjy/index.php/admin/People/add.html
INFO: [ app_init ] --START--
INFO: Run Behavior\BuildLiteBehavior [ RunTime:0.000200s ]
INFO: [ app_init ] --END-- [ RunTime:0.003816s ]

[ 2016-05-24T14:29:23+08:00 ] ::1 /hzauygjy/index.php/Home/Index/market.html
INFO: [ app_init ] --START--
INFO: Run Behavior\BuildLiteBehavior [ RunTime:0.000116s ]
INFO: [ app_init ] --END-- [ RunTime:0.002208s ]

[ 2016-05-24T14:30:49+08:00 ] ::1 /hzauygjy/index.php/Home/Index/index.html
INFO: [ app_init ] --START--
INFO: Run Behavior\BuildLiteBehavior [ RunTime:0.000122s ]
INFO: [ app_init ] --END-- [ RunTime:0.062728s ]

[ 2016-05-24T15:11:12+08:00 ] ::1 /hzauygjy/index.php/Home/Index/index.html
INFO: [ app_init ] --START--
INFO: Run Behavior\BuildLiteBehavior [ RunTime:0.000274s ]
INFO: [ app_init ] --END-- [ RunTime:0.117101s ]

[ 2016-05-24T15:11:38+08:00 ] ::1 /hzauygjy/index.php/Home/Index/index.html
INFO: [ app_init ] --START--
INFO: Run Behavior\BuildLiteBehavior [ RunTime:0.000120s ]
INFO: [ app_init ] --END-- [ RunTime:0.007594s ]

[ 2016-05-24T15:12:49+08:00 ] ::1 /hzauygjy/index.php/Home/Index/index.html
INFO: [ app_init ] --START--
INFO: Run Behavior\BuildLiteBehavior [ RunTime:0.000116s ]
INFO: [ app_init ] --END-- [ RunTime:0.003546s ]

[ 2016-05-24T15:13:47+08:00 ] ::1 /hzauygjy/index.php/Home/Public/header
INFO: [ app_init ] --START--
INFO: Run Behavior\BuildLiteBehavior [ RunTime:0.000134s ]
INFO: [ app_init ] --END-- [ RunTime:0.004766s ]

[ 2016-05-24T15:14:39+08:00 ] ::1 /hzauygjy/index.php/Home/Public/header
INFO: [ app_init ] --START--
INFO: Run Behavior\BuildLiteBehavior [ RunTime:0.000124s ]
INFO: [ app_init ] --END-- [ RunTime:0.002223s ]

[ 2016-05-24T15:22:56+08:00 ] ::1 /hzauygjy/index.php/Home/Index/index.html
INFO: [ app_init ] --START--
INFO: Run Behavior\BuildLiteBehavior [ RunTime:0.000111s ]
INFO: [ app_init ] --END-- [ RunTime:0.016279s ]

[ 2016-05-24T15:30:03+08:00 ] ::1 /hzauygjy/index.php/Home/Index/index.html
INFO: [ app_init ] --START--
INFO: Run Behavior\BuildLiteBehavior [ RunTime:0.000118s ]
INFO: [ app_init ] --END-- [ RunTime:0.002721s ]

[ 2016-05-24T15:30:14+08:00 ] ::1 /hzauygjy/index.php/Home/Index/index.html
INFO: [ app_init ] --START--
INFO: Run Behavior\BuildLiteBehavior [ RunTime:0.000120s ]
INFO: [ app_init ] --END-- [ RunTime:0.174634s ]

[ 2016-05-24T16:23:38+08:00 ] ::1 /hzauygjy/index.php/Home/Index/index.html
INFO: [ app_init ] --START--
INFO: Run Behavior\BuildLiteBehavior [ RunTime:0.000231s ]
INFO: [ app_init ] --END-- [ RunTime:0.015790s ]

[ 2016-05-24T16:24:12+08:00 ] ::1 /hzauygjy/index.php/Home/Index/index.html
INFO: [ app_init ] --START--
INFO: Run Behavior\BuildLiteBehavior [ RunTime:0.000117s ]
INFO: [ app_init ] --END-- [ RunTime:0.002510s ]

[ 2016-05-24T16:26:17+08:00 ] ::1 /hzauygjy/index.php/Home/Index/index.html
INFO: [ app_init ] --START--
INFO: Run Behavior\BuildLiteBehavior [ RunTime:0.000126s ]
INFO: [ app_init ] --END-- [ RunTime:0.005861s ]

[ 2016-05-24T16:27:27+08:00 ] ::1 /hzauygjy/index.php/Home/Index/index.html
INFO: [ app_init ] --START--
INFO: Run Behavior\BuildLiteBehavior [ RunTime:0.000120s ]
INFO: [ app_init ] --END-- [ RunTime:0.045394s ]

[ 2016-05-24T16:28:56+08:00 ] ::1 /hzauygjy/index.php/Home/Index/index.html
INFO: [ app_init ] --START--
INFO: Run Behavior\BuildLiteBehavior [ RunTime:0.000112s ]
INFO: [ app_init ] --END-- [ RunTime:0.002518s ]

[ 2016-05-24T16:32:16+08:00 ] ::1 /hzauygjy/index.php/Home/Index/index.html
INFO: [ app_init ] --START--
INFO: Run Behavior\BuildLiteBehavior [ RunTime:0.000113s ]
INFO: [ app_init ] --END-- [ RunTime:0.004420s ]

[ 2016-05-24T16:32:42+08:00 ] ::1 /hzauygjy/index.php/Home/Index/index.html
INFO: [ app_init ] --START--
INFO: Run Behavior\BuildLiteBehavior [ RunTime:0.000118s ]
INFO: [ app_init ] --END-- [ RunTime:0.002740s ]

[ 2016-05-24T16:32:43+08:00 ] ::1 /hzauygjy/index.php/Home/Index/index.html
INFO: [ app_init ] --START--
INFO: Run Behavior\BuildLiteBehavior [ RunTime:0.000123s ]
INFO: [ app_init ] --END-- [ RunTime:0.002365s ]

[ 2016-05-24T16:33:03+08:00 ] ::1 /hzauygjy/index.php/Home/Index/index.html
INFO: [ app_init ] --START--
INFO: Run Behavior\BuildLiteBehavior [ RunTime:0.000111s ]
INFO: [ app_init ] --END-- [ RunTime:0.010782s ]

[ 2016-05-24T16:34:02+08:00 ] ::1 /hzauygjy/index.php/Home/Index/index.html
INFO: [ app_init ] --START--
INFO: Run Behavior\BuildLiteBehavior [ RunTime:0.000122s ]
INFO: [ app_init ] --END-- [ RunTime:0.002558s ]

[ 2016-05-24T16:35:35+08:00 ] ::1 /hzauygjy/index.php/Home/Index/index.html
INFO: [ app_init ] --START--
INFO: Run Behavior\BuildLiteBehavior [ RunTime:0.000117s ]
INFO: [ app_init ] --END-- [ RunTime:0.002712s ]

[ 2016-05-24T16:35:57+08:00 ] ::1 /hzauygjy/index.php/Home/Index/index.html
INFO: [ app_init ] --START--
INFO: Run Behavior\BuildLiteBehavior [ RunTime:0.000117s ]
INFO: [ app_init ] --END-- [ RunTime:0.002650s ]

[ 2016-05-24T16:36:15+08:00 ] ::1 /hzauygjy/index.php/Home/Index/market.html
INFO: [ app_init ] --START--
INFO: Run Behavior\BuildLiteBehavior [ RunTime:0.000124s ]
INFO: [ app_init ] --END-- [ RunTime:0.006545s ]

[ 2016-05-24T16:40:21+08:00 ] ::1 /hzauygjy/index.php/Home/Index/market.html
INFO: [ app_init ] --START--
INFO: Run Behavior\BuildLiteBehavior [ RunTime:0.000117s ]
INFO: [ app_init ] --END-- [ RunTime:0.010411s ]

[ 2016-05-24T16:40:42+08:00 ] ::1 /hzauygjy/index.php/Home/Index/market.html
INFO: [ app_init ] --START--
INFO: Run Behavior\BuildLiteBehavior [ RunTime:0.000111s ]
INFO: [ app_init ] --END-- [ RunTime:0.003132s ]

[ 2016-05-24T16:41:03+08:00 ] ::1 /hzauygjy/index.php/Home/Index/market.html
INFO: [ app_init ] --START--
INFO: Run Behavior\BuildLiteBehavior [ RunTime:0.000164s ]
INFO: [ app_init ] --END-- [ RunTime:0.022111s ]

[ 2016-05-24T16:41:20+08:00 ] ::1 /hzauygjy/index.php/Home/Index/news.html
INFO: [ app_init ] --START--
INFO: Run Behavior\BuildLiteBehavior [ RunTime:0.000120s ]
INFO: [ app_init ] --END-- [ RunTime:0.002511s ]

[ 2016-05-24T16:53:06+08:00 ] ::1 /hzauygjy/index.php/Home/Index/news.html
INFO: [ app_init ] --START--
INFO: Run Behavior\BuildLiteBehavior [ RunTime:0.000127s ]
INFO: [ app_init ] --END-- [ RunTime:0.009549s ]

[ 2016-05-24T16:55:33+08:00 ] ::1 /hzauygjy/index.php/Home/Index/news1.html
INFO: [ app_init ] --START--
INFO: Run Behavior\BuildLiteBehavior [ RunTime:0.000118s ]
INFO: [ app_init ] --END-- [ RunTime:0.003237s ]

[ 2016-05-24T20:22:51+08:00 ] ::1 /hzauygjy/index.php/Home/Index/index.html
INFO: [ app_init ] --START--
INFO: Run Behavior\BuildLiteBehavior [ RunTime:0.000132s ]
INFO: [ app_init ] --END-- [ RunTime:0.010980s ]

[ 2016-05-24T20:24:23+08:00 ] ::1 /hzauygjy/index.php/Home/Index/index.html
INFO: [ app_init ] --START--
INFO: Run Behavior\BuildLiteBehavior [ RunTime:0.000123s ]
INFO: [ app_init ] --END-- [ RunTime:0.014978s ]

[ 2016-05-24T20:24:30+08:00 ] ::1 /hzauygjy/index.php/Home/Index/news.html
INFO: [ app_init ] --START--
INFO: Run Behavior\BuildLiteBehavior [ RunTime:0.000115s ]
INFO: [ app_init ] --END-- [ RunTime:0.002897s ]

[ 2016-05-24T20:24:36+08:00 ] ::1 /hzauygjy/index.php/Home/Index/news1.html
INFO: [ app_init ] --START--
INFO: Run Behavior\BuildLiteBehavior [ RunTime:0.000105s ]
INFO: [ app_init ] --END-- [ RunTime:0.003527s ]

[ 2016-05-24T20:24:48+08:00 ] ::1 /hzauygjy/index.php/Home/Index/news1.html
INFO: [ app_init ] --START--
INFO: Run Behavior\BuildLiteBehavior [ RunTime:0.000116s ]
INFO: [ app_init ] --END-- [ RunTime:0.002958s ]

[ 2016-05-24T20:26:19+08:00 ] ::1 /hzauygjy/index.php/Home/Index/news1.html
INFO: [ app_init ] --START--
INFO: Run Behavior\BuildLiteBehavior [ RunTime:0.000078s ]
INFO: [ app_init ] --END-- [ RunTime:0.002229s ]

[ 2016-05-24T20:26:27+08:00 ] ::1 /hzauygjy/index.php/Home/Index/news.html
INFO: [ app_init ] --START--
INFO: Run Behavior\BuildLiteBehavior [ RunTime:0.000060s ]
INFO: [ app_init ] --END-- [ RunTime:0.001502s ]

[ 2016-05-24T20:26:30+08:00 ] ::1 /hzauygjy/index.php/Home/Index/news1.html?id=2
INFO: [ app_init ] --START--
INFO: Run Behavior\BuildLiteBehavior [ RunTime:0.000111s ]
INFO: [ app_init ] --END-- [ RunTime:0.001939s ]

[ 2016-05-24T20:27:45+08:00 ] ::1 /hzauygjy/index.php/Home/Index/news1.html?id=2
INFO: [ app_init ] --START--
INFO: Run Behavior\BuildLiteBehavior [ RunTime:0.000086s ]
INFO: [ app_init ] --END-- [ RunTime:0.002275s ]

[ 2016-05-24T20:28:09+08:00 ] ::1 /hzauygjy/index.php/Home/Index/news.html
INFO: [ app_init ] --START--
INFO: Run Behavior\BuildLiteBehavior [ RunTime:0.000082s ]
INFO: [ app_init ] --END-- [ RunTime:0.002009s ]

[ 2016-05-24T20:28:11+08:00 ] ::1 /hzauygjy/index.php/Home/Index/news1.html?id=1
INFO: [ app_init ] --START--
INFO: Run Behavior\BuildLiteBehavior [ RunTime:0.000113s ]
INFO: [ app_init ] --END-- [ RunTime:0.003175s ]

[ 2016-05-24T20:28:19+08:00 ] ::1 /hzauygjy/index.php/Home/Index/news1.html?id=2
INFO: [ app_init ] --START--
INFO: Run Behavior\BuildLiteBehavior [ RunTime:0.000093s ]
INFO: [ app_init ] --END-- [ RunTime:0.002381s ]

[ 2016-05-24T20:28:26+08:00 ] ::1 /hzauygjy/index.php/Home/Index/heart.html
INFO: [ app_init ] --START--
INFO: Run Behavior\BuildLiteBehavior [ RunTime:0.000120s ]
INFO: [ app_init ] --END-- [ RunTime:0.002313s ]

[ 2016-05-24T20:28:31+08:00 ] ::1 /hzauygjy/index.php/Home/Index/member.html
INFO: [ app_init ] --START--
INFO: Run Behavior\BuildLiteBehavior [ RunTime:0.000046s ]
INFO: [ app_init ] --END-- [ RunTime:0.001064s ]

[ 2016-05-24T20:28:34+08:00 ] ::1 /hzauygjy/index.php/Home/Index/market.html
INFO: [ app_init ] --START--
INFO: Run Behavior\BuildLiteBehavior [ RunTime:0.000079s ]
INFO: [ app_init ] --END-- [ RunTime:0.001767s ]

[ 2016-05-24T20:28:41+08:00 ] ::1 /hzauygjy/index.php/Home/Index/member.html
INFO: [ app_init ] --START--
INFO: Run Behavior\BuildLiteBehavior [ RunTime:0.000087s ]
INFO: [ app_init ] --END-- [ RunTime:0.001983s ]

[ 2016-05-24T20:34:27+08:00 ] ::1 /hzauygjy/index.php/Home/Index/member.html
INFO: [ app_init ] --START--
INFO: Run Behavior\BuildLiteBehavior [ RunTime:0.000081s ]
INFO: [ app_init ] --END-- [ RunTime:0.003158s ]

[ 2016-05-24T20:34:38+08:00 ] ::1 /hzauygjy/index.php/Home/Index/applay.html
INFO: [ app_init ] --START--
INFO: Run Behavior\BuildLiteBehavior [ RunTime:0.000077s ]
INFO: [ app_init ] --END-- [ RunTime:0.001913s ]

[ 2016-05-24T20:34:42+08:00 ] ::1 /hzauygjy/index.php/Home/Index/relation.html
INFO: [ app_init ] --START--
INFO: Run Behavior\BuildLiteBehavior [ RunTime:0.000066s ]
INFO: [ app_init ] --END-- [ RunTime:0.001207s ]

[ 2016-05-24T20:34:56+08:00 ] ::1 /hzauygjy/index.php/Home/Index/heart.html
INFO: [ app_init ] --START--
INFO: Run Behavior\BuildLiteBehavior [ RunTime:0.000064s ]
INFO: [ app_init ] --END-- [ RunTime:0.001358s ]

[ 2016-05-24T20:35:05+08:00 ] ::1 /hzauygjy/index.php/admin/Index/photo.html
INFO: [ app_init ] --START--
INFO: Run Behavior\BuildLiteBehavior [ RunTime:0.000106s ]
INFO: [ app_init ] --END-- [ RunTime:0.002270s ]

[ 2016-05-24T20:35:28+08:00 ] ::1 /hzauygjy/index.php/admin/Index/lnkh.html
INFO: [ app_init ] --START--
INFO: Run Behavior\BuildLiteBehavior [ RunTime:0.000112s ]
INFO: [ app_init ] --END-- [ RunTime:0.002399s ]

[ 2016-05-24T20:35:32+08:00 ] ::1 /hzauygjy/index.php/admin/Index/renwu.html
INFO: [ app_init ] --START--
INFO: Run Behavior\BuildLiteBehavior [ RunTime:0.000072s ]
INFO: [ app_init ] --END-- [ RunTime:0.001482s ]

[ 2016-05-24T20:35:39+08:00 ] ::1 /hzauygjy/index.php/admin/News/add.html
INFO: [ app_init ] --START--
INFO: Run Behavior\BuildLiteBehavior [ RunTime:0.000056s ]
INFO: [ app_init ] --END-- [ RunTime:0.001228s ]

[ 2016-05-24T20:36:02+08:00 ] ::1 /hzauygjy/index.php/admin/People/manager.html
INFO: [ app_init ] --START--
INFO: Run Behavior\BuildLiteBehavior [ RunTime:0.000075s ]
INFO: [ app_init ] --END-- [ RunTime:0.001460s ]

[ 2016-05-24T20:36:20+08:00 ] ::1 /hzauygjy/index.php/Home/Index/index.html
INFO: [ app_init ] --START--
INFO: Run Behavior\BuildLiteBehavior [ RunTime:0.000083s ]
INFO: [ app_init ] --END-- [ RunTime:0.004957s ]

[ 2016-05-24T20:36:24+08:00 ] ::1 /hzauygjy/index.php/Home/Index/market.html
INFO: [ app_init ] --START--
INFO: Run Behavior\BuildLiteBehavior [ RunTime:0.000041s ]
INFO: [ app_init ] --END-- [ RunTime:0.000881s ]

[ 2016-05-24T20:36:29+08:00 ] ::1 /hzauygjy/index.php/Home/Index/news.html
INFO: [ app_init ] --START--
INFO: Run Behavior\BuildLiteBehavior [ RunTime:0.000203s ]
INFO: [ app_init ] --END-- [ RunTime:0.001798s ]

[ 2016-05-24T20:36:33+08:00 ] ::1 /hzauygjy/index.php/Home/Index/heart.html
INFO: [ app_init ] --START--
INFO: Run Behavior\BuildLiteBehavior [ RunTime:0.000059s ]
INFO: [ app_init ] --END-- [ RunTime:0.002372s ]

[ 2016-05-24T20:36:44+08:00 ] ::1 /hzauygjy/index.php/admin/Index/photo.html
INFO: [ app_init ] --START--
INFO: Run Behavior\BuildLiteBehavior [ RunTime:0.000111s ]
INFO: [ app_init ] --END-- [ RunTime:0.001647s ]

[ 2016-05-24T20:36:47+08:00 ] ::1 /hzauygjy/index.php/admin/Index/lnkh.html
INFO: [ app_init ] --START--
INFO: Run Behavior\BuildLiteBehavior [ RunTime:0.000082s ]
INFO: [ app_init ] --END-- [ RunTime:0.001911s ]

[ 2016-05-24T20:36:51+08:00 ] ::1 /hzauygjy/index.php/admin/Index/renwu.html
INFO: [ app_init ] --START--
INFO: Run Behavior\BuildLiteBehavior [ RunTime:0.000136s ]
INFO: [ app_init ] --END-- [ RunTime:0.002502s ]

[ 2016-05-24T20:36:54+08:00 ] ::1 /hzauygjy/index.php/admin/Index/gain.html
INFO: [ app_init ] --START--
INFO: Run Behavior\BuildLiteBehavior [ RunTime:0.000153s ]
INFO: [ app_init ] --END-- [ RunTime:0.006036s ]

[ 2016-05-24T20:37:32+08:00 ] ::1 /hzauygjy/index.php/admin/Index/photo.html
INFO: [ app_init ] --START--
INFO: Run Behavior\BuildLiteBehavior [ RunTime:0.000095s ]
INFO: [ app_init ] --END-- [ RunTime:0.003197s ]

[ 2016-05-24T20:37:35+08:00 ] ::1 /hzauygjy/index.php/admin/Index/lnkh.html
INFO: [ app_init ] --START--
INFO: Run Behavior\BuildLiteBehavior [ RunTime:0.000092s ]
INFO: [ app_init ] --END-- [ RunTime:0.001830s ]

[ 2016-05-24T20:37:39+08:00 ] ::1 /hzauygjy/index.php/admin/Index/renwu.html
INFO: [ app_init ] --START--
INFO: Run Behavior\BuildLiteBehavior [ RunTime:0.000067s ]
INFO: [ app_init ] --END-- [ RunTime:0.003116s ]

[ 2016-05-24T20:37:41+08:00 ] ::1 /hzauygjy/index.php/admin/Index/gain.html
INFO: [ app_init ] --START--
INFO: Run Behavior\BuildLiteBehavior [ RunTime:0.000047s ]
INFO: [ app_init ] --END-- [ RunTime:0.000903s ]

[ 2016-05-24T20:37:49+08:00 ] ::1 /hzauygjy/index.php/admin/Index/renwu.html
INFO: [ app_init ] --START--
INFO: Run Behavior\BuildLiteBehavior [ RunTime:0.000083s ]
INFO: [ app_init ] --END-- [ RunTime:0.009874s ]

[ 2016-05-24T20:37:56+08:00 ] ::1 /hzauygjy/index.php/admin/Index/gain.html
INFO: [ app_init ] --START--
INFO: Run Behavior\BuildLiteBehavior [ RunTime:0.000067s ]
INFO: [ app_init ] --END-- [ RunTime:0.002823s ]

[ 2016-05-24T20:38:02+08:00 ] ::1 /hzauygjy/index.php/admin/Index/day.html
INFO: [ app_init ] --START--
INFO: Run Behavior\BuildLiteBehavior [ RunTime:0.000279s ]
INFO: [ app_init ] --END-- [ RunTime:0.001710s ]

[ 2016-05-24T20:38:07+08:00 ] ::1 /hzauygjy/index.php/admin/Index/activity.html
INFO: [ app_init ] --START--
INFO: Run Behavior\BuildLiteBehavior [ RunTime:0.000080s ]
INFO: [ app_init ] --END-- [ RunTime:0.001877s ]

[ 2016-05-24T20:38:10+08:00 ] ::1 /hzauygjy/index.php/admin/News/add.html
INFO: [ app_init ] --START--
INFO: Run Behavior\BuildLiteBehavior [ RunTime:0.000065s ]
INFO: [ app_init ] --END-- [ RunTime:0.001548s ]

[ 2016-05-24T20:38:15+08:00 ] ::1 /hzauygjy/index.php/admin/News/view.html
INFO: [ app_init ] --START--
INFO: Run Behavior\BuildLiteBehavior [ RunTime:0.000125s ]
INFO: [ app_init ] --END-- [ RunTime:0.016096s ]

[ 2016-05-24T20:38:19+08:00 ] ::1 /hzauygjy/index.php/admin/news/updatenew?id=1
INFO: [ app_init ] --START--
INFO: Run Behavior\BuildLiteBehavior [ RunTime:0.000118s ]
INFO: [ app_init ] --END-- [ RunTime:0.005508s ]

[ 2016-05-24T21:07:00+08:00 ] ::1 /hzauygjy/index.php/Home/Index/news.html
INFO: [ app_init ] --START--
INFO: Run Behavior\BuildLiteBehavior [ RunTime:0.000076s ]
INFO: [ app_init ] --END-- [ RunTime:0.002257s ]

[ 2016-05-24T21:15:44+08:00 ] ::1 /hzauygjy/index.php/admin/News/view.html
INFO: [ app_init ] --START--
INFO: Run Behavior\BuildLiteBehavior [ RunTime:0.000065s ]
INFO: [ app_init ] --END-- [ RunTime:0.001491s ]

[ 2016-05-24T21:16:21+08:00 ] ::1 /hzauygjy/index.php/admin/News/view.html
INFO: [ app_init ] --START--
INFO: Run Behavior\BuildLiteBehavior [ RunTime:0.000066s ]
INFO: [ app_init ] --END-- [ RunTime:0.001441s ]

[ 2016-05-24T21:18:01+08:00 ] ::1 /hzauygjy/index.php/Home/Index/news1.html?id=1
INFO: [ app_init ] --START--
INFO: Run Behavior\BuildLiteBehavior [ RunTime:0.000081s ]
INFO: [ app_init ] --END-- [ RunTime:0.002943s ]

[ 2016-05-24T21:19:14+08:00 ] ::1 /hzauygjy/index.php/admin/News/view.html
INFO: [ app_init ] --START--
INFO: Run Behavior\BuildLiteBehavior [ RunTime:0.000068s ]
INFO: [ app_init ] --END-- [ RunTime:0.017528s ]

[ 2016-05-24T21:19:37+08:00 ] ::1 /hzauygjy/index.php/admin/News/view.html
INFO: [ app_init ] --START--
INFO: Run Behavior\BuildLiteBehavior [ RunTime:0.000131s ]
INFO: [ app_init ] --END-- [ RunTime:0.002136s ]

[ 2016-05-24T21:19:39+08:00 ] ::1 /hzauygjy/index.php/admin/news/delete_link?id=1
INFO: [ app_init ] --START--
INFO: Run Behavior\BuildLiteBehavior [ RunTime:0.000066s ]
INFO: [ app_init ] --END-- [ RunTime:0.001781s ]

[ 2016-05-24T21:26:48+08:00 ] ::1 /hzauygjy/index.php/admin/News/add.html
INFO: [ app_init ] --START--
INFO: Run Behavior\BuildLiteBehavior [ RunTime:0.000259s ]
INFO: [ app_init ] --END-- [ RunTime:0.002991s ]

[ 2016-05-24T21:27:40+08:00 ] ::1 /hzauygjy/index.php/admin/news/upload
INFO: [ app_init ] --START--
INFO: Run Behavior\BuildLiteBehavior [ RunTime:0.000086s ]
INFO: [ app_init ] --END-- [ RunTime:0.007335s ]

[ 2016-05-24T21:27:41+08:00 ] ::1 /hzauygjy/index.php/admin/news/add.html
INFO: [ app_init ] --START--
INFO: Run Behavior\BuildLiteBehavior [ RunTime:0.000138s ]
INFO: [ app_init ] --END-- [ RunTime:0.003090s ]

[ 2016-05-24T21:28:49+08:00 ] ::1 /hzauygjy/index.php/admin/news/upload
INFO: [ app_init ] --START--
INFO: Run Behavior\BuildLiteBehavior [ RunTime:0.000126s ]
INFO: [ app_init ] --END-- [ RunTime:0.003838s ]

[ 2016-05-24T21:28:49+08:00 ] ::1 /hzauygjy/index.php/admin/news/view.html
INFO: [ app_init ] --START--
INFO: Run Behavior\BuildLiteBehavior [ RunTime:0.000078s ]
INFO: [ app_init ] --END-- [ RunTime:0.002103s ]

[ 2016-05-24T21:28:56+08:00 ] ::1 /hzauygjy/index.php/Home/Index/news1.html?id=3
INFO: [ app_init ] --START--
INFO: Run Behavior\BuildLiteBehavior [ RunTime:0.000121s ]
INFO: [ app_init ] --END-- [ RunTime:0.005898s ]

[ 2016-05-24T21:29:01+08:00 ] ::1 /hzauygjy/index.php/Home/Index/news.html
INFO: [ app_init ] --START--
INFO: Run Behavior\BuildLiteBehavior [ RunTime:0.000043s ]
INFO: [ app_init ] --END-- [ RunTime:0.001188s ]

[ 2016-05-24T21:29:07+08:00 ] ::1 /hzauygjy/index.php/admin/news/delete_link?id=1
INFO: [ app_init ] --START--
INFO: Run Behavior\BuildLiteBehavior [ RunTime:0.000091s ]
INFO: [ app_init ] --END-- [ RunTime:0.004637s ]

[ 2016-05-24T21:29:08+08:00 ] ::1 /hzauygjy/index.php/admin/news/view.html
INFO: [ app_init ] --START--
INFO: Run Behavior\BuildLiteBehavior [ RunTime:0.000073s ]
INFO: [ app_init ] --END-- [ RunTime:0.001591s ]

[ 2016-05-24T21:29:12+08:00 ] ::1 /hzauygjy/index.php/admin/news/delete_link?id=3
INFO: [ app_init ] --START--
INFO: Run Behavior\BuildLiteBehavior [ RunTime:0.000095s ]
INFO: [ app_init ] --END-- [ RunTime:0.003487s ]

[ 2016-05-24T21:29:13+08:00 ] ::1 /hzauygjy/index.php/admin/news/view.html
INFO: [ app_init ] --START--
INFO: Run Behavior\BuildLiteBehavior [ RunTime:0.000092s ]
INFO: [ app_init ] --END-- [ RunTime:0.001984s ]

[ 2016-05-24T21:29:18+08:00 ] ::1 /hzauygjy/index.php/Home/Index/news.html
INFO: [ app_init ] --START--
INFO: Run Behavior\BuildLiteBehavior [ RunTime:0.000070s ]
INFO: [ app_init ] --END-- [ RunTime:0.001891s ]

[ 2016-05-24T21:29:55+08:00 ] ::1 /hzauygjy/index.php/admin/People/add.html
INFO: [ app_init ] --START--
INFO: Run Behavior\BuildLiteBehavior [ RunTime:0.000076s ]
INFO: [ app_init ] --END-- [ RunTime:0.001700s ]

[ 2016-05-24T21:29:58+08:00 ] ::1 /hzauygjy/index.php/admin/People/manager.html
INFO: [ app_init ] --START--
INFO: Run Behavior\BuildLiteBehavior [ RunTime:0.000127s ]
INFO: [ app_init ] --END-- [ RunTime:0.002890s ]

[ 2016-05-24T21:30:02+08:00 ] ::1 /hzauygjy/index.php/admin/People/add.html
INFO: [ app_init ] --START--
INFO: Run Behavior\BuildLiteBehavior [ RunTime:0.000117s ]
INFO: [ app_init ] --END-- [ RunTime:0.004298s ]

[ 2016-05-24T21:30:56+08:00 ] ::1 /hzauygjy/index.php/admin/people/record
INFO: [ app_init ] --START--
INFO: Run Behavior\BuildLiteBehavior [ RunTime:0.000077s ]
INFO: [ app_init ] --END-- [ RunTime:0.002169s ]

[ 2016-05-24T21:30:56+08:00 ] ::1 /hzauygjy/index.php/admin/people/add.html
INFO: [ app_init ] --START--
INFO: Run Behavior\BuildLiteBehavior [ RunTime:0.000346s ]
INFO: [ app_init ] --END-- [ RunTime:0.002515s ]

[ 2016-05-24T21:31:53+08:00 ] ::1 /hzauygjy/index.php/admin/people/record
INFO: [ app_init ] --START--
INFO: Run Behavior\BuildLiteBehavior [ RunTime:0.000083s ]
INFO: [ app_init ] --END-- [ RunTime:0.002831s ]

[ 2016-05-24T21:31:54+08:00 ] ::1 /hzauygjy/index.php/admin/people/manager.html
INFO: [ app_init ] --START--
INFO: Run Behavior\BuildLiteBehavior [ RunTime:0.000068s ]
INFO: [ app_init ] --END-- [ RunTime:0.001567s ]

[ 2016-05-24T21:38:39+08:00 ] ::1 /hzauygjy/index.php/admin/people/manager.html
INFO: [ app_init ] --START--
INFO: Run Behavior\BuildLiteBehavior [ RunTime:0.000066s ]
INFO: [ app_init ] --END-- [ RunTime:0.001300s ]

[ 2016-05-24T21:38:42+08:00 ] ::1 /hzauygjy/index.php/admin/people/delete_link?id=3
INFO: [ app_init ] --START--
INFO: Run Behavior\BuildLiteBehavior [ RunTime:0.000079s ]
INFO: [ app_init ] --END-- [ RunTime:0.003134s ]

[ 2016-05-24T21:38:43+08:00 ] ::1 /hzauygjy/index.php/admin/people/manager.html
INFO: [ app_init ] --START--
INFO: Run Behavior\BuildLiteBehavior [ RunTime:0.000134s ]
INFO: [ app_init ] --END-- [ RunTime:0.001626s ]

[ 2016-05-24T21:50:13+08:00 ] ::1 /hzauygjy/index.php/admin/People/add.html
INFO: [ app_init ] --START--
INFO: Run Behavior\BuildLiteBehavior [ RunTime:0.000083s ]
INFO: [ app_init ] --END-- [ RunTime:0.002916s ]

[ 2016-05-24T21:50:40+08:00 ] ::1 /hzauygjy/index.php/admin/people/record
INFO: [ app_init ] --START--
INFO: Run Behavior\BuildLiteBehavior [ RunTime:0.000066s ]
INFO: [ app_init ] --END-- [ RunTime:0.002557s ]

[ 2016-05-24T21:50:40+08:00 ] ::1 /hzauygjy/index.php/admin/people/manager.html
INFO: [ app_init ] --START--
INFO: Run Behavior\BuildLiteBehavior [ RunTime:0.000088s ]
INFO: [ app_init ] --END-- [ RunTime:0.002259s ]

[ 2016-05-24T21:50:53+08:00 ] ::1 /hzauygjy/index.php/admin/people/delete_link?id=4
INFO: [ app_init ] --START--
INFO: Run Behavior\BuildLiteBehavior [ RunTime:0.000120s ]
INFO: [ app_init ] --END-- [ RunTime:0.002652s ]

[ 2016-05-24T21:50:53+08:00 ] ::1 /hzauygjy/index.php/admin/people/manager.html
INFO: [ app_init ] --START--
INFO: Run Behavior\BuildLiteBehavior [ RunTime:0.000087s ]
INFO: [ app_init ] --END-- [ RunTime:0.007221s ]

[ 2016-05-24T22:10:11+08:00 ] ::1 /hzauygjy/index.php/admin/News/add.html
INFO: [ app_init ] --START--
INFO: Run Behavior\BuildLiteBehavior [ RunTime:0.000077s ]
INFO: [ app_init ] --END-- [ RunTime:0.001709s ]

[ 2016-05-24T22:10:31+08:00 ] ::1 /hzauygjy/index.php/admin/News/view.html
INFO: [ app_init ] --START--
INFO: Run Behavior\BuildLiteBehavior [ RunTime:0.000099s ]
INFO: [ app_init ] --END-- [ RunTime:0.003304s ]

[ 2016-05-24T22:13:06+08:00 ] ::1 /hzauygjy/index.php/admin/News/view.html
INFO: [ app_init ] --START--
INFO: Run Behavior\BuildLiteBehavior [ RunTime:0.000066s ]
INFO: [ app_init ] --END-- [ RunTime:0.001582s ]

[ 2016-05-24T22:13:22+08:00 ] ::1 /hzauygjy/index.php/admin/People/manager.html
INFO: [ app_init ] --START--
INFO: Run Behavior\BuildLiteBehavior [ RunTime:0.000095s ]
INFO: [ app_init ] --END-- [ RunTime:0.002291s ]

[ 2016-05-24T22:15:15+08:00 ] ::1 /hzauygjy/index.php/admin/People/manager.html
INFO: [ app_init ] --START--
INFO: Run Behavior\BuildLiteBehavior [ RunTime:0.000090s ]
INFO: [ app_init ] --END-- [ RunTime:0.001370s ]

[ 2016-05-24T22:15:20+08:00 ] ::1 /hzauygjy/index.php/admin/people/updatepeople?id=undefined
INFO: [ app_init ] --START--
INFO: Run Behavior\BuildLiteBehavior [ RunTime:0.000089s ]
INFO: [ app_init ] --END-- [ RunTime:0.001740s ]

[ 2016-05-24T22:15:33+08:00 ] ::1 /hzauygjy/index.php/admin/people/record
INFO: [ app_init ] --START--
INFO: Run Behavior\BuildLiteBehavior [ RunTime:0.000186s ]
INFO: [ app_init ] --END-- [ RunTime:0.004181s ]

[ 2016-05-24T22:15:34+08:00 ] ::1 /hzauygjy/index.php/admin/people/manager.html
INFO: [ app_init ] --START--
INFO: Run Behavior\BuildLiteBehavior [ RunTime:0.000086s ]
INFO: [ app_init ] --END-- [ RunTime:0.002333s ]

[ 2016-05-24T22:16:36+08:00 ] ::1 /hzauygjy/index.php/admin/people/updatepeople?id=undefined
INFO: [ app_init ] --START--
INFO: Run Behavior\BuildLiteBehavior [ RunTime:0.000124s ]
INFO: [ app_init ] --END-- [ RunTime:0.003491s ]

[ 2016-05-24T22:16:59+08:00 ] ::1 /hzauygjy/index.php/admin/People/manager.html
INFO: [ app_init ] --START--
INFO: Run Behavior\BuildLiteBehavior [ RunTime:0.000084s ]
INFO: [ app_init ] --END-- [ RunTime:0.003854s ]

[ 2016-05-24T22:17:01+08:00 ] ::1 /hzauygjy/index.php/admin/people/updatepeople?id=1
INFO: [ app_init ] --START--
INFO: Run Behavior\BuildLiteBehavior [ RunTime:0.000095s ]
INFO: [ app_init ] --END-- [ RunTime:0.001811s ]

[ 2016-05-24T22:17:10+08:00 ] ::1 /hzauygjy/index.php/admin/people/record
INFO: [ app_init ] --START--
INFO: Run Behavior\BuildLiteBehavior [ RunTime:0.000064s ]
INFO: [ app_init ] --END-- [ RunTime:0.001452s ]

[ 2016-05-24T22:17:10+08:00 ] ::1 /hzauygjy/index.php/admin/people/manager.html
INFO: [ app_init ] --START--
INFO: Run Behavior\BuildLiteBehavior [ RunTime:0.000087s ]
INFO: [ app_init ] --END-- [ RunTime:0.003782s ]

[ 2016-05-24T22:18:34+08:00 ] ::1 /hzauygjy/index.php/admin/people/manager.html
INFO: [ app_init ] --START--
INFO: Run Behavior\BuildLiteBehavior [ RunTime:0.000226s ]
INFO: [ app_init ] --END-- [ RunTime:0.007652s ]

[ 2016-05-24T22:18:36+08:00 ] ::1 /hzauygjy/index.php/admin/people/updatepeople?id=6
INFO: [ app_init ] --START--
INFO: Run Behavior\BuildLiteBehavior [ RunTime:0.000076s ]
INFO: [ app_init ] --END-- [ RunTime:0.002006s ]

[ 2016-05-24T22:18:51+08:00 ] ::1 /hzauygjy/index.php/admin/people/update?id=1
INFO: [ app_init ] --START--
INFO: Run Behavior\BuildLiteBehavior [ RunTime:0.000066s ]
INFO: [ app_init ] --END-- [ RunTime:0.001403s ]

[ 2016-05-24T22:18:51+08:00 ] ::1 /hzauygjy/index.php/admin/people/updatepeo[le/id/1.html
INFO: [ app_init ] --START--
INFO: Run Behavior\BuildLiteBehavior [ RunTime:0.000056s ]
INFO: [ app_init ] --END-- [ RunTime:0.001471s ]
ERR: 非法操作:updatepeo[le

[ 2016-05-24T22:19:39+08:00 ] ::1 /hzauygjy/index.php/admin/people/updatepeo[le/id/1.html
INFO: [ app_init ] --START--
INFO: Run Behavior\BuildLiteBehavior [ RunTime:0.000053s ]
INFO: [ app_init ] --END-- [ RunTime:0.001557s ]
ERR: 非法操作:updatepeo[le

[ 2016-05-24T22:20:00+08:00 ] ::1 /hzauygjy/index.php/admin/people/update?id=1
INFO: [ app_init ] --START--
INFO: Run Behavior\BuildLiteBehavior [ RunTime:0.000066s ]
INFO: [ app_init ] --END-- [ RunTime:0.001659s ]

[ 2016-05-24T22:20:00+08:00 ] ::1 /hzauygjy/index.php/admin/people/updatepeo[le/id/1.html
INFO: [ app_init ] --START--
INFO: Run Behavior\BuildLiteBehavior [ RunTime:0.000075s ]
INFO: [ app_init ] --END-- [ RunTime:0.001907s ]
ERR: 非法操作:updatepeo[le

[ 2016-05-24T22:20:44+08:00 ] ::1 /hzauygjy/index.php/admin/people/updatepeople?id=6
INFO: [ app_init ] --START--
INFO: Run Behavior\BuildLiteBehavior [ RunTime:0.000144s ]
INFO: [ app_init ] --END-- [ RunTime:0.002718s ]

[ 2016-05-24T22:20:51+08:00 ] ::1 /hzauygjy/index.php/admin/people/update?id=1
INFO: [ app_init ] --START--
INFO: Run Behavior\BuildLiteBehavior [ RunTime:0.000064s ]
INFO: [ app_init ] --END-- [ RunTime:0.002368s ]

[ 2016-05-24T22:20:51+08:00 ] ::1 /hzauygjy/index.php/admin/people/updatepeo[le/id/1.html
INFO: [ app_init ] --START--
INFO: Run Behavior\BuildLiteBehavior [ RunTime:0.000072s ]
INFO: [ app_init ] --END-- [ RunTime:0.003147s ]
ERR: 非法操作:updatepeo[le

[ 2016-05-24T22:21:18+08:00 ] ::1 /hzauygjy/index.php/admin/people/updatepeo[le/id/1.html
INFO: [ app_init ] --START--
INFO: Run Behavior\BuildLiteBehavior [ RunTime:0.000119s ]
INFO: [ app_init ] --END-- [ RunTime:0.004985s ]
ERR: 非法操作:updatepeo[le

[ 2016-05-24T22:21:24+08:00 ] ::1 /hzauygjy/index.php/admin/People/manager.html
INFO: [ app_init ] --START--
INFO: Run Behavior\BuildLiteBehavior [ RunTime:0.000073s ]
INFO: [ app_init ] --END-- [ RunTime:0.007337s ]

[ 2016-05-24T22:21:30+08:00 ] ::1 /hzauygjy/index.php/admin/people/updatepeople?id=5
INFO: [ app_init ] --START--
INFO: Run Behavior\BuildLiteBehavior [ RunTime:0.000096s ]
INFO: [ app_init ] --END-- [ RunTime:0.004858s ]

[ 2016-05-24T22:22:01+08:00 ] ::1 /hzauygjy/index.php/admin/people/updatepeople?id=5
INFO: [ app_init ] --START--
INFO: Run Behavior\BuildLiteBehavior [ RunTime:0.000076s ]
INFO: [ app_init ] --END-- [ RunTime:0.001733s ]

[ 2016-05-24T22:22:08+08:00 ] ::1 /hzauygjy/index.php/admin/people/updatepeople?id=6
INFO: [ app_init ] --START--
INFO: Run Behavior\BuildLiteBehavior [ RunTime:0.000079s ]
INFO: [ app_init ] --END-- [ RunTime:0.002316s ]

[ 2016-05-24T22:22:12+08:00 ] ::1 /hzauygjy/index.php/admin/people/updatepeople?id=1
INFO: [ app_init ] --START--
INFO: Run Behavior\BuildLiteBehavior [ RunTime:0.000128s ]
INFO: [ app_init ] --END-- [ RunTime:0.001920s ]

[ 2016-05-24T22:22:43+08:00 ] ::1 /hzauygjy/index.php/admin/People/manager.html
INFO: [ app_init ] --START--
INFO: Run Behavior\BuildLiteBehavior [ RunTime:0.000146s ]
INFO: [ app_init ] --END-- [ RunTime:0.003048s ]

[ 2016-05-24T22:22:50+08:00 ] ::1 /hzauygjy/index.php/admin/people/updatepeople?id=5
INFO: [ app_init ] --START--
INFO: Run Behavior\BuildLiteBehavior [ RunTime:0.000112s ]
INFO: [ app_init ] --END-- [ RunTime:0.002573s ]

[ 2016-05-24T22:22:57+08:00 ] ::1 /hzauygjy/index.php/admin/people/update?id=5
INFO: [ app_init ] --START--
INFO: Run Behavior\BuildLiteBehavior [ RunTime:0.000118s ]
INFO: [ app_init ] --END-- [ RunTime:0.003428s ]

[ 2016-05-24T22:23:10+08:00 ] ::1 /hzauygjy/index.php/admin/people/update?id=5
INFO: [ app_init ] --START--
INFO: Run Behavior\BuildLiteBehavior [ RunTime:0.000116s ]
INFO: [ app_init ] --END-- [ RunTime:0.003443s ]

[ 2016-05-24T22:23:10+08:00 ] ::1 /hzauygjy/index.php/admin/people/updatepeople/id/5.html
INFO: [ app_init ] --START--
INFO: Run Behavior\BuildLiteBehavior [ RunTime:0.000082s ]
INFO: [ app_init ] --END-- [ RunTime:0.001956s ]

[ 2016-05-24T22:23:53+08:00 ] ::1 /hzauygjy/index.php/admin/people/update?id=5
INFO: [ app_init ] --START--
INFO: Run Behavior\BuildLiteBehavior [ RunTime:0.000158s ]
INFO: [ app_init ] --END-- [ RunTime:0.004189s ]

[ 2016-05-24T22:23:53+08:00 ] ::1 /hzauygjy/index.php/admin/people/manager.html
INFO: [ app_init ] --START--
INFO: Run Behavior\BuildLiteBehavior [ RunTime:0.000065s ]
INFO: [ app_init ] --END-- [ RunTime:0.002281s ]

[ 2016-05-24T22:23:59+08:00 ] ::1 /hzauygjy/index.php/admin/people/updatepeople?id=5
INFO: [ app_init ] --START--
INFO: Run Behavior\BuildLiteBehavior [ RunTime:0.000087s ]
INFO: [ app_init ] --END-- [ RunTime:0.003651s ]

[ 2016-05-24T22:24:04+08:00 ] ::1 /hzauygjy/index.php/admin/people/updatepeople?id=2
INFO: [ app_init ] --START--
INFO: Run Behavior\BuildLiteBehavior [ RunTime:0.000076s ]
INFO: [ app_init ] --END-- [ RunTime:0.003169s ]

[ 2016-05-24T22:24:12+08:00 ] ::1 /hzauygjy/index.php/admin/people/update?id=2
INFO: [ app_init ] --START--
INFO: Run Behavior\BuildLiteBehavior [ RunTime:0.000065s ]
INFO: [ app_init ] --END-- [ RunTime:0.001624s ]

[ 2016-05-24T22:24:13+08:00 ] ::1 /hzauygjy/index.php/admin/people/manager.html
INFO: [ app_init ] --START--
INFO: Run Behavior\BuildLiteBehavior [ RunTime:0.000244s ]
INFO: [ app_init ] --END-- [ RunTime:0.002084s ]

[ 2016-05-24T22:24:22+08:00 ] ::1 /hzauygjy/index.php/admin/people/delete_link?id=5
INFO: [ app_init ] --START--
INFO: Run Behavior\BuildLiteBehavior [ RunTime:0.000065s ]
INFO: [ app_init ] --END-- [ RunTime:0.001335s ]

[ 2016-05-24T22:24:22+08:00 ] ::1 /hzauygjy/index.php/admin/people/manager.html
INFO: [ app_init ] --START--
INFO: Run Behavior\BuildLiteBehavior [ RunTime:0.000088s ]
INFO: [ app_init ] --END-- [ RunTime:0.001687s ]

