[ 2016-04-06T17:58:04+08:00 ] ::1 /kaohe_hzau/
INFO: [ app_init ] --START--
INFO: Run Behavior\BuildLiteBehavior [ RunTime:0.000068s ]
INFO: [ app_init ] --END-- [ RunTime:0.059046s ]
INFO: [ app_begin ] --START--
INFO: Run Behavior\ReadHtmlCacheBehavior [ RunTime:0.038632s ]
INFO: [ app_begin ] --END-- [ RunTime:0.038997s ]
SQL: SHOW COLUMNS FROM `assess_administrator` [ RunTime:0.039822s ]
SQL: SELECT * FROM `assess_administrator` WHERE ( id=1 ) LIMIT 1   [ RunTime:0.000815s ]
INFO: [ view_parse ] --START--
INFO: [ template_filter ] --START--
INFO: Run Behavior\ContentReplaceBehavior [ RunTime:0.000201s ]
INFO: [ template_filter ] --END-- [ RunTime:0.000575s ]
INFO: Run Behavior\ParseTemplateBehavior [ RunTime:0.105395s ]
INFO: [ view_parse ] --END-- [ RunTime:0.105765s ]
INFO: [ view_filter ] --START--
INFO: Run Behavior\WriteHtmlCacheBehavior [ RunTime:0.016450s ]
INFO: [ view_filter ] --END-- [ RunTime:0.016806s ]
INFO: [ app_end ] --START--
INFO: Run Behavior\ShowPageTraceBehavior [ RunTime:0.025794s ]
INFO: [ app_end ] --END-- [ RunTime:0.026146s ]

[ 2016-04-06T17:58:13+08:00 ] ::1 /kaohe_hzau/index.php/home/index/check
INFO: [ app_init ] --START--
INFO: Run Behavior\BuildLiteBehavior [ RunTime:0.000081s ]
INFO: [ app_init ] --END-- [ RunTime:0.001802s ]
INFO: [ app_begin ] --START--
INFO: Run Behavior\ReadHtmlCacheBehavior [ RunTime:0.001891s ]
INFO: [ app_begin ] --END-- [ RunTime:0.002278s ]
SQL: SHOW COLUMNS FROM `assess_user` [ RunTime:0.058166s ]
SQL: SELECT COUNT(*) AS tp_count FROM `assess_user` WHERE ( `password` = '123456' ) LIMIT 1   [ RunTime:0.001188s ]
INFO: [ view_parse ] --START--
INFO: [ template_filter ] --START--
INFO: Run Behavior\ContentReplaceBehavior [ RunTime:0.000191s ]
INFO: [ template_filter ] --END-- [ RunTime:0.000531s ]
INFO: Run Behavior\ParseTemplateBehavior [ RunTime:0.094266s ]
INFO: [ view_parse ] --END-- [ RunTime:0.094691s ]
INFO: [ view_filter ] --START--
INFO: Run Behavior\WriteHtmlCacheBehavior [ RunTime:0.001373s ]
INFO: [ view_filter ] --END-- [ RunTime:0.001706s ]

[ 2016-04-06T17:58:22+08:00 ] ::1 /kaohe_hzau/index.php/home/index/check
INFO: [ app_init ] --START--
INFO: Run Behavior\BuildLiteBehavior [ RunTime:0.000053s ]
INFO: [ app_init ] --END-- [ RunTime:0.001019s ]
INFO: [ app_begin ] --START--
INFO: Run Behavior\ReadHtmlCacheBehavior [ RunTime:0.001473s ]
INFO: [ app_begin ] --END-- [ RunTime:0.001756s ]
SQL: SHOW COLUMNS FROM `assess_user` [ RunTime:0.008035s ]
SQL: SELECT COUNT(*) AS tp_count FROM `assess_user` WHERE ( `password` = 'admin123456' ) LIMIT 1   [ RunTime:0.000843s ]
INFO: [ view_parse ] --START--
INFO: [ template_filter ] --START--
INFO: Run Behavior\ContentReplaceBehavior [ RunTime:0.000175s ]
INFO: [ template_filter ] --END-- [ RunTime:0.000524s ]
INFO: Run Behavior\ParseTemplateBehavior [ RunTime:0.025688s ]
INFO: [ view_parse ] --END-- [ RunTime:0.026119s ]
INFO: [ view_filter ] --START--
INFO: Run Behavior\WriteHtmlCacheBehavior [ RunTime:0.001633s ]
INFO: [ view_filter ] --END-- [ RunTime:0.002132s ]

[ 2016-04-06T17:58:33+08:00 ] ::1 /kaohe_hzau/index.php/home/index/check
INFO: [ app_init ] --START--
INFO: Run Behavior\BuildLiteBehavior [ RunTime:0.000058s ]
INFO: [ app_init ] --END-- [ RunTime:0.001455s ]
INFO: [ app_begin ] --START--
INFO: Run Behavior\ReadHtmlCacheBehavior [ RunTime:0.001645s ]
INFO: [ app_begin ] --END-- [ RunTime:0.001928s ]
SQL: SHOW COLUMNS FROM `assess_user` [ RunTime:0.008589s ]
SQL: SELECT COUNT(*) AS tp_count FROM `assess_user` WHERE ( `password` = 'admin' ) LIMIT 1   [ RunTime:0.000857s ]
INFO: [ view_parse ] --START--
INFO: [ template_filter ] --START--
INFO: Run Behavior\ContentReplaceBehavior [ RunTime:0.000145s ]
INFO: [ template_filter ] --END-- [ RunTime:0.000400s ]
INFO: Run Behavior\ParseTemplateBehavior [ RunTime:0.017333s ]
INFO: [ view_parse ] --END-- [ RunTime:0.017609s ]
INFO: [ view_filter ] --START--
INFO: Run Behavior\WriteHtmlCacheBehavior [ RunTime:0.000942s ]
INFO: [ view_filter ] --END-- [ RunTime:0.001173s ]

[ 2016-04-06T17:58:59+08:00 ] ::1 /kaohe_hzau/index.php/home/index/check
INFO: [ app_init ] --START--
INFO: Run Behavior\BuildLiteBehavior [ RunTime:0.000095s ]
INFO: [ app_init ] --END-- [ RunTime:0.001878s ]
INFO: [ app_begin ] --START--
INFO: Run Behavior\ReadHtmlCacheBehavior [ RunTime:0.002835s ]
INFO: [ app_begin ] --END-- [ RunTime:0.003675s ]
SQL: SHOW COLUMNS FROM `assess_user` [ RunTime:0.015873s ]
SQL: SELECT COUNT(*) AS tp_count FROM `assess_user` WHERE ( `password` = '123456' ) LIMIT 1   [ RunTime:0.001453s ]
INFO: [ view_parse ] --START--
INFO: [ template_filter ] --START--
INFO: Run Behavior\ContentReplaceBehavior [ RunTime:0.000197s ]
INFO: [ template_filter ] --END-- [ RunTime:0.000641s ]
INFO: Run Behavior\ParseTemplateBehavior [ RunTime:0.024965s ]
INFO: [ view_parse ] --END-- [ RunTime:0.025431s ]
INFO: [ view_filter ] --START--
INFO: Run Behavior\WriteHtmlCacheBehavior [ RunTime:0.001799s ]
INFO: [ view_filter ] --END-- [ RunTime:0.002121s ]

